<?xml version="1.0" encoding="UTF-8"?>
<testsuite name="pft.adressbook.tests.ContactCreationTest" tests="1" skipped="0" failures="1" errors="0" timestamp="2020-02-19T16:39:10" hostname="Earp" time="8.827">
  <properties/>
  <testcase name="testContactCreation[0](ContactData{name='Victor', family='Smirnov'})" classname="pft.adressbook.tests.ContactCreationTest" time="8.827">
    <failure message="java.lang.AssertionError: &#13;&#10;Expected: &lt;[ContactData{name='Victor', family='Smirnov'}, ContactData{name='Ivan', family='Ivanov'}, ContactData{name='Petr', family='Petrov'}, ContactData{name='Ivan', family='Ivanov'}, ContactData{name='Олег', family='Соколов'}, ContactData{name='Олег', family='Соколов'}]&gt;&#13;&#10;     but: was &lt;[ContactData{name='Ivan', family='Ivanov'}, ContactData{name='Petr', family='Petrov'}, ContactData{name='Victor', family='Smirnov'}, ContactData{name='Ivan', family='Ivanov'}, ContactData{name='Олег', family='Соколов'}, ContactData{name='Олег', family='Соколов'}]&gt;" type="java.lang.AssertionError">java.lang.AssertionError: 
Expected: &lt;[ContactData{name='Victor', family='Smirnov'}, ContactData{name='Ivan', family='Ivanov'}, ContactData{name='Petr', family='Petrov'}, ContactData{name='Ivan', family='Ivanov'}, ContactData{name='Олег', family='Соколов'}, ContactData{name='Олег', family='Соколов'}]&gt;
     but: was &lt;[ContactData{name='Ivan', family='Ivanov'}, ContactData{name='Petr', family='Petrov'}, ContactData{name='Victor', family='Smirnov'}, ContactData{name='Ivan', family='Ivanov'}, ContactData{name='Олег', family='Соколов'}, ContactData{name='Олег', family='Соколов'}]&gt;
	at org.hamcrest.MatcherAssert.assertThat(MatcherAssert.java:20)
	at org.hamcrest.MatcherAssert.assertThat(MatcherAssert.java:6)
	at pft.adressbook.tests.ContactCreationTest.testContactCreation(ContactCreationTest.java:67)
	at sun.reflect.NativeMethodAccessorImpl.invoke0(Native Method)
	at sun.reflect.NativeMethodAccessorImpl.invoke(NativeMethodAccessorImpl.java:62)
	at sun.reflect.DelegatingMethodAccessorImpl.invoke(DelegatingMethodAccessorImpl.java:43)
	at java.lang.reflect.Method.invoke(Method.java:498)
	at org.testng.internal.MethodInvocationHelper.invokeMethod(MethodInvocationHelper.java:86)
	at org.testng.internal.Invoker.invokeMethod(Invoker.java:643)
	at org.testng.internal.Invoker.invokeTestMethod(Invoker.java:820)
	at org.testng.internal.Invoker.invokeTestMethods(Invoker.java:1128)
	at org.testng.internal.TestMethodWorker.invokeTestMethods(TestMethodWorker.java:129)
	at org.testng.internal.TestMethodWorker.run(TestMethodWorker.java:112)
	at org.testng.TestRunner.privateRun(TestRunner.java:782)
	at org.testng.TestRunner.run(TestRunner.java:632)
	at org.testng.SuiteRunner.runTest(SuiteRunner.java:366)
	at org.testng.SuiteRunner.runSequentially(SuiteRunner.java:361)
	at org.testng.SuiteRunner.privateRun(SuiteRunner.java:319)
	at org.testng.SuiteRunner.run(SuiteRunner.java:268)
	at org.testng.SuiteRunnerWorker.runSuite(SuiteRunnerWorker.java:52)
	at org.testng.SuiteRunnerWorker.run(SuiteRunnerWorker.java:86)
	at org.testng.TestNG.runSuitesSequentially(TestNG.java:1244)
	at org.testng.TestNG.runSuitesLocally(TestNG.java:1169)
	at org.testng.TestNG.run(TestNG.java:1064)
	at org.gradle.api.internal.tasks.testing.testng.TestNGTestClassProcessor.runTests(TestNGTestClassProcessor.java:141)
	at org.gradle.api.internal.tasks.testing.testng.TestNGTestClassProcessor.stop(TestNGTestClassProcessor.java:90)
	at org.gradle.api.internal.tasks.testing.SuiteTestClassProcessor.stop(SuiteTestClassProcessor.java:61)
	at sun.reflect.NativeMethodAccessorImpl.invoke0(Native Method)
	at sun.reflect.NativeMethodAccessorImpl.invoke(NativeMethodAccessorImpl.java:62)
	at sun.reflect.DelegatingMethodAccessorImpl.invoke(DelegatingMethodAccessorImpl.java:43)
	at java.lang.reflect.Method.invoke(Method.java:498)
	at org.gradle.internal.dispatch.ReflectionDispatch.dispatch(ReflectionDispatch.java:36)
	at org.gradle.internal.dispatch.ReflectionDispatch.dispatch(ReflectionDispatch.java:24)
	at org.gradle.internal.dispatch.ContextClassLoaderDispatch.dispatch(ContextClassLoaderDispatch.java:33)
	at org.gradle.internal.dispatch.ProxyDispatchAdapter$DispatchingInvocationHandler.invoke(ProxyDispatchAdapter.java:94)
	at com.sun.proxy.$Proxy2.stop(Unknown Source)
	at org.gradle.api.internal.tasks.testing.worker.TestWorker.stop(TestWorker.java:132)
	at sun.reflect.NativeMethodAccessorImpl.invoke0(Native Method)
	at sun.reflect.NativeMethodAccessorImpl.invoke(NativeMethodAccessorImpl.java:62)
	at sun.reflect.DelegatingMethodAccessorImpl.invoke(DelegatingMethodAccessorImpl.java:43)
	at java.lang.reflect.Method.invoke(Method.java:498)
	at org.gradle.internal.dispatch.ReflectionDispatch.dispatch(ReflectionDispatch.java:36)
	at org.gradle.internal.dispatch.ReflectionDispatch.dispatch(ReflectionDispatch.java:24)
	at org.gradle.internal.remote.internal.hub.MessageHubBackedObjectConnection$DispatchWrapper.dispatch(MessageHubBackedObjectConnection.java:182)
	at org.gradle.internal.remote.internal.hub.MessageHubBackedObjectConnection$DispatchWrapper.dispatch(MessageHubBackedObjectConnection.java:164)
	at org.gradle.internal.remote.internal.hub.MessageHub$Handler.run(MessageHub.java:412)
	at org.gradle.internal.concurrent.ExecutorPolicy$CatchAndRecordFailures.onExecute(ExecutorPolicy.java:64)
	at org.gradle.internal.concurrent.ManagedExecutorImpl$1.run(ManagedExecutorImpl.java:48)
	at java.util.concurrent.ThreadPoolExecutor.runWorker(ThreadPoolExecutor.java:1149)
	at java.util.concurrent.ThreadPoolExecutor$Worker.run(ThreadPoolExecutor.java:624)
	at org.gradle.internal.concurrent.ThreadFactoryImpl$ManagedThreadRunnable.run(ThreadFactoryImpl.java:56)
	at java.lang.Thread.run(Thread.java:748)
</failure>
  </testcase>
  <system-out><![CDATA[21:39:10.139 [Test worker] DEBUG o.h.s.internal.StatisticsInitiator - Statistics initialized [enabled=false]
21:39:10.146 [Test worker] DEBUG o.h.e.t.internal.TransactionImpl - On TransactionImpl creation, JpaCompliance#isJpaTransactionComplianceEnabled == false
21:39:10.146 [Test worker] DEBUG o.h.e.t.internal.TransactionImpl - begin
21:39:10.166 [Test worker] DEBUG o.h.h.i.QueryTranslatorFactoryInitiator - QueryTranslatorFactory: org.hibernate.hql.internal.ast.ASTQueryTranslatorFactory@13ea159c
21:39:10.231 [Test worker] DEBUG o.h.h.i.ast.QueryTranslatorImpl - parse() - HQL: from pft.adressbook.model.GroupData
21:39:10.241 [Test worker] DEBUG o.h.hql.internal.ast.ErrorTracker - throwQueryException() : no errors
21:39:10.252 [Test worker] DEBUG o.h.h.i.ast.QueryTranslatorImpl - --- HQL AST ---
 \-[QUERY] Node: 'query'
    \-[SELECT_FROM] Node: 'SELECT_FROM'
       \-[FROM] Node: 'from'
          \-[RANGE] Node: 'RANGE'
             \-[DOT] Node: '.'
                +-[DOT] Node: '.'
                |  +-[DOT] Node: '.'
                |  |  +-[IDENT] Node: 'pft'
                |  |  \-[IDENT] Node: 'adressbook'
                |  \-[IDENT] Node: 'model'
                \-[IDENT] Node: 'GroupData'

21:39:10.291 [Test worker] DEBUG o.h.h.i.antlr.HqlSqlBaseWalker - select << begin [level=1, statement=select]
21:39:10.318 [Test worker] DEBUG o.h.h.internal.ast.tree.FromElement - FromClause{level=1} : pft.adressbook.model.GroupData (<no alias>) -> groupdata0_
21:39:10.321 [Test worker] DEBUG o.h.h.i.antlr.HqlSqlBaseWalker - select : finishing up [level=1, statement=select]
21:39:10.325 [Test worker] DEBUG o.h.hql.internal.ast.HqlSqlWalker - processQuery() :  ( SELECT ( FromClause{level=1} group_list groupdata0_ ) )
21:39:10.335 [Test worker] DEBUG o.h.hql.internal.ast.HqlSqlWalker - Derived SELECT clause created.
21:39:10.343 [Test worker] DEBUG o.h.h.i.ast.util.JoinProcessor - Tables referenced from query nodes:
 \-QueryNode
    +-SelectClause
    | referencedTables(entity GroupData): [group_list]
    |  +-SelectExpressionImpl
    |  | persister: SingleTableEntityPersister(pft.adressbook.model.GroupData)
    |  \-SqlFragment
    \-FromClause
       \-FromElement

21:39:10.351 [Test worker] DEBUG o.h.h.i.ast.util.JoinProcessor - Using FROM fragment [group_list groupdata0_]
21:39:10.352 [Test worker] DEBUG o.h.h.i.antlr.HqlSqlBaseWalker - select >> end [level=1, statement=select]
21:39:10.356 [Test worker] DEBUG o.h.h.i.ast.QueryTranslatorImpl - --- SQL AST ---
 \-[SELECT] QueryNode: 'SELECT'  querySpaces (group_list)
    +-[SELECT_CLAUSE] SelectClause: '{derived select clause}'
    |  +-[SELECT_EXPR] SelectExpressionImpl: 'groupdata0_.group_id as group_id1_2_' {FromElement{explicit,not a collection join,not a fetch join,fetch non-lazy properties,classAlias=null,role=null,tableName=group_list,tableAlias=groupdata0_,origin=null,columns={,className=pft.adressbook.model.GroupData}}}
    |  \-[SQL_TOKEN] SqlFragment: 'groupdata0_.group_footer as group_fo2_2_, groupdata0_.group_header as group_he3_2_, groupdata0_.group_name as group_na4_2_'
    \-[FROM] FromClause: 'from' FromClause{level=1, fromElementCounter=1, fromElements=1, fromElementByClassAlias=[], fromElementByTableAlias=[groupdata0_], fromElementsByPath=[], collectionJoinFromElementsByPath=[], impliedElements=[]}
       \-[FROM_FRAGMENT] FromElement: 'group_list groupdata0_' FromElement{explicit,not a collection join,not a fetch join,fetch non-lazy properties,classAlias=null,role=null,tableName=group_list,tableAlias=groupdata0_,origin=null,columns={,className=pft.adressbook.model.GroupData}}

21:39:10.357 [Test worker] DEBUG o.h.hql.internal.ast.ErrorTracker - throwQueryException() : no errors
21:39:10.373 [Test worker] DEBUG o.h.h.i.ast.QueryTranslatorImpl - HQL: from pft.adressbook.model.GroupData
21:39:10.374 [Test worker] DEBUG o.h.h.i.ast.QueryTranslatorImpl - SQL: select groupdata0_.group_id as group_id1_2_, groupdata0_.group_footer as group_fo2_2_, groupdata0_.group_header as group_he3_2_, groupdata0_.group_name as group_na4_2_ from group_list groupdata0_
21:39:10.374 [Test worker] DEBUG o.h.hql.internal.ast.ErrorTracker - throwQueryException() : no errors
21:39:10.404 [Test worker] DEBUG org.hibernate.SQL - select groupdata0_.group_id as group_id1_2_, groupdata0_.group_footer as group_fo2_2_, groupdata0_.group_header as group_he3_2_, groupdata0_.group_name as group_na4_2_ from group_list groupdata0_
Hibernate: select groupdata0_.group_id as group_id1_2_, groupdata0_.group_footer as group_fo2_2_, groupdata0_.group_header as group_he3_2_, groupdata0_.group_name as group_na4_2_ from group_list groupdata0_
21:39:10.434 [Test worker] DEBUG org.hibernate.loader.Loader - Result set row: 0
21:39:10.445 [Test worker] DEBUG org.hibernate.loader.Loader - Result row: EntityKey[pft.adressbook.model.GroupData#175]
21:39:10.472 [Test worker] DEBUG org.hibernate.loader.Loader - Result set row: 1
21:39:10.472 [Test worker] DEBUG org.hibernate.loader.Loader - Result row: EntityKey[pft.adressbook.model.GroupData#177]
21:39:10.476 [Test worker] DEBUG o.h.engine.internal.TwoPhaseLoad - Resolving attributes for [pft.adressbook.model.GroupData#175]
21:39:10.479 [Test worker] DEBUG o.h.engine.internal.TwoPhaseLoad - Processing attribute `contacts` : value = NOT NULL COLLECTION
21:39:10.479 [Test worker] DEBUG o.h.engine.internal.TwoPhaseLoad - Attribute (`contacts`)  - enhanced for lazy-loading? - false
21:39:10.510 [Test worker] DEBUG o.h.engine.internal.TwoPhaseLoad - Processing attribute `footer` : value = footer 0
21:39:10.510 [Test worker] DEBUG o.h.engine.internal.TwoPhaseLoad - Attribute (`footer`)  - enhanced for lazy-loading? - false
21:39:10.511 [Test worker] DEBUG o.h.engine.internal.TwoPhaseLoad - Processing attribute `header` : value = header 0
21:39:10.511 [Test worker] DEBUG o.h.engine.internal.TwoPhaseLoad - Attribute (`header`)  - enhanced for lazy-loading? - false
21:39:10.511 [Test worker] DEBUG o.h.engine.internal.TwoPhaseLoad - Processing attribute `name` : value = test 0
21:39:10.511 [Test worker] DEBUG o.h.engine.internal.TwoPhaseLoad - Attribute (`name`)  - enhanced for lazy-loading? - false
21:39:10.513 [Test worker] DEBUG o.h.engine.internal.TwoPhaseLoad - Done materializing entity [pft.adressbook.model.GroupData#175]
21:39:10.514 [Test worker] DEBUG o.h.engine.internal.TwoPhaseLoad - Resolving attributes for [pft.adressbook.model.GroupData#177]
21:39:10.514 [Test worker] DEBUG o.h.engine.internal.TwoPhaseLoad - Processing attribute `contacts` : value = NOT NULL COLLECTION
21:39:10.514 [Test worker] DEBUG o.h.engine.internal.TwoPhaseLoad - Attribute (`contacts`)  - enhanced for lazy-loading? - false
21:39:10.514 [Test worker] DEBUG o.h.engine.internal.TwoPhaseLoad - Processing attribute `footer` : value = test3
21:39:10.514 [Test worker] DEBUG o.h.engine.internal.TwoPhaseLoad - Attribute (`footer`)  - enhanced for lazy-loading? - false
21:39:10.514 [Test worker] DEBUG o.h.engine.internal.TwoPhaseLoad - Processing attribute `header` : value = test2
21:39:10.514 [Test worker] DEBUG o.h.engine.internal.TwoPhaseLoad - Attribute (`header`)  - enhanced for lazy-loading? - false
21:39:10.514 [Test worker] DEBUG o.h.engine.internal.TwoPhaseLoad - Processing attribute `name` : value = test1
21:39:10.515 [Test worker] DEBUG o.h.engine.internal.TwoPhaseLoad - Attribute (`name`)  - enhanced for lazy-loading? - false
21:39:10.515 [Test worker] DEBUG o.h.engine.internal.TwoPhaseLoad - Done materializing entity [pft.adressbook.model.GroupData#177]
21:39:10.525 [Test worker] DEBUG o.h.e.t.internal.TransactionImpl - committing
21:39:10.527 [Test worker] DEBUG o.h.e.i.AbstractFlushingEventListener - Processing flush-time cascades
21:39:10.534 [Test worker] DEBUG o.h.e.i.AbstractFlushingEventListener - Dirty checking collections
21:39:10.562 [Test worker] DEBUG o.h.engine.internal.Collections - Collection found: [pft.adressbook.model.GroupData.contacts#175], was: [pft.adressbook.model.GroupData.contacts#175] (uninitialized)
21:39:10.562 [Test worker] DEBUG o.h.engine.internal.Collections - Collection found: [pft.adressbook.model.GroupData.contacts#177], was: [pft.adressbook.model.GroupData.contacts#177] (uninitialized)
21:39:10.568 [Test worker] DEBUG o.h.e.i.AbstractFlushingEventListener - Flushed: 0 insertions, 0 updates, 0 deletions to 2 objects
21:39:10.569 [Test worker] DEBUG o.h.e.i.AbstractFlushingEventListener - Flushed: 0 (re)creations, 0 updates, 0 removals to 2 collections
21:39:10.574 [Test worker] DEBUG o.h.internal.util.EntityPrinter - Listing entities:
21:39:10.576 [Test worker] DEBUG o.h.internal.util.EntityPrinter - pft.adressbook.model.GroupData{footer=footer 0, name=test 0, header=header 0, id=175, contacts=<uninitialized>}
21:39:10.577 [Test worker] DEBUG o.h.internal.util.EntityPrinter - pft.adressbook.model.GroupData{footer=test3, name=test1, header=test2, id=177, contacts=<uninitialized>}
21:39:10.584 [Test worker] DEBUG o.h.r.j.i.LogicalConnectionManagedImpl - Initiating JDBC connection release from afterTransaction
21:39:10.585 [Test worker] DEBUG o.h.r.j.i.LogicalConnectionManagedImpl - Initiating JDBC connection release from afterTransaction
21:39:10.590 [Test worker] DEBUG o.h.e.t.internal.TransactionImpl - On TransactionImpl creation, JpaCompliance#isJpaTransactionComplianceEnabled == false
21:39:10.591 [Test worker] DEBUG o.h.e.t.internal.TransactionImpl - begin
21:39:10.592 [Test worker] DEBUG o.h.h.i.ast.QueryTranslatorImpl - parse() - HQL: from pft.adressbook.model.ContactData
21:39:10.594 [Test worker] DEBUG o.h.hql.internal.ast.ErrorTracker - throwQueryException() : no errors
21:39:10.595 [Test worker] DEBUG o.h.h.i.ast.QueryTranslatorImpl - --- HQL AST ---
 \-[QUERY] Node: 'query'
    \-[SELECT_FROM] Node: 'SELECT_FROM'
       \-[FROM] Node: 'from'
          \-[RANGE] Node: 'RANGE'
             \-[DOT] Node: '.'
                +-[DOT] Node: '.'
                |  +-[DOT] Node: '.'
                |  |  +-[IDENT] Node: 'pft'
                |  |  \-[IDENT] Node: 'adressbook'
                |  \-[IDENT] Node: 'model'
                \-[IDENT] Node: 'ContactData'

21:39:10.596 [Test worker] DEBUG o.h.h.i.antlr.HqlSqlBaseWalker - select << begin [level=1, statement=select]
21:39:10.596 [Test worker] DEBUG o.h.h.internal.ast.tree.FromElement - FromClause{level=1} : pft.adressbook.model.ContactData (<no alias>) -> contactdat0_
21:39:10.596 [Test worker] DEBUG o.h.h.i.antlr.HqlSqlBaseWalker - select : finishing up [level=1, statement=select]
21:39:10.596 [Test worker] DEBUG o.h.hql.internal.ast.HqlSqlWalker - processQuery() :  ( SELECT ( FromClause{level=1} addressbook contactdat0_ ) )
21:39:10.596 [Test worker] DEBUG o.h.hql.internal.ast.HqlSqlWalker - Derived SELECT clause created.
21:39:10.597 [Test worker] DEBUG o.h.h.i.ast.util.JoinProcessor - Tables referenced from query nodes:
 \-QueryNode
    +-SelectClause
    | referencedTables(entity ContactData): [addressbook]
    |  +-SelectExpressionImpl
    |  | persister: SingleTableEntityPersister(pft.adressbook.model.ContactData)
    |  \-SqlFragment
    \-FromClause
       \-FromElement

21:39:10.597 [Test worker] DEBUG o.h.h.i.ast.util.JoinProcessor - Using FROM fragment [addressbook contactdat0_]
21:39:10.597 [Test worker] DEBUG o.h.h.i.antlr.HqlSqlBaseWalker - select >> end [level=1, statement=select]
21:39:10.598 [Test worker] DEBUG o.h.h.i.ast.QueryTranslatorImpl - --- SQL AST ---
 \-[SELECT] QueryNode: 'SELECT'  querySpaces (addressbook)
    +-[SELECT_CLAUSE] SelectClause: '{derived select clause}'
    |  +-[SELECT_EXPR] SelectExpressionImpl: 'contactdat0_.id as id1_1_' {FromElement{explicit,not a collection join,not a fetch join,fetch non-lazy properties,classAlias=null,role=null,tableName=addressbook,tableAlias=contactdat0_,origin=null,columns={,className=pft.adressbook.model.ContactData}}}
    |  \-[SQL_TOKEN] SqlFragment: 'contactdat0_.address as address2_1_, contactdat0_.email as email3_1_, contactdat0_.lastname as lastname4_1_, contactdat0_.mobile as mobile5_1_, contactdat0_.firstname as firstnam6_1_, contactdat0_.photo as photo7_1_, contactdat0_.home as home8_1_, contactdat0_.work as work9_1_'
    \-[FROM] FromClause: 'from' FromClause{level=1, fromElementCounter=1, fromElements=1, fromElementByClassAlias=[], fromElementByTableAlias=[contactdat0_], fromElementsByPath=[], collectionJoinFromElementsByPath=[], impliedElements=[]}
       \-[FROM_FRAGMENT] FromElement: 'addressbook contactdat0_' FromElement{explicit,not a collection join,not a fetch join,fetch non-lazy properties,classAlias=null,role=null,tableName=addressbook,tableAlias=contactdat0_,origin=null,columns={,className=pft.adressbook.model.ContactData}}

21:39:10.598 [Test worker] DEBUG o.h.hql.internal.ast.ErrorTracker - throwQueryException() : no errors
21:39:10.598 [Test worker] DEBUG o.h.h.i.ast.QueryTranslatorImpl - HQL: from pft.adressbook.model.ContactData
21:39:10.598 [Test worker] DEBUG o.h.h.i.ast.QueryTranslatorImpl - SQL: select contactdat0_.id as id1_1_, contactdat0_.address as address2_1_, contactdat0_.email as email3_1_, contactdat0_.lastname as lastname4_1_, contactdat0_.mobile as mobile5_1_, contactdat0_.firstname as firstnam6_1_, contactdat0_.photo as photo7_1_, contactdat0_.home as home8_1_, contactdat0_.work as work9_1_ from addressbook contactdat0_
21:39:10.599 [Test worker] DEBUG o.h.hql.internal.ast.ErrorTracker - throwQueryException() : no errors
21:39:10.599 [Test worker] DEBUG org.hibernate.SQL - select contactdat0_.id as id1_1_, contactdat0_.address as address2_1_, contactdat0_.email as email3_1_, contactdat0_.lastname as lastname4_1_, contactdat0_.mobile as mobile5_1_, contactdat0_.firstname as firstnam6_1_, contactdat0_.photo as photo7_1_, contactdat0_.home as home8_1_, contactdat0_.work as work9_1_ from addressbook contactdat0_
Hibernate: select contactdat0_.id as id1_1_, contactdat0_.address as address2_1_, contactdat0_.email as email3_1_, contactdat0_.lastname as lastname4_1_, contactdat0_.mobile as mobile5_1_, contactdat0_.firstname as firstnam6_1_, contactdat0_.photo as photo7_1_, contactdat0_.home as home8_1_, contactdat0_.work as work9_1_ from addressbook contactdat0_
21:39:10.601 [Test worker] DEBUG org.hibernate.loader.Loader - Result set row: 0
21:39:10.602 [Test worker] DEBUG org.hibernate.loader.Loader - Result row: EntityKey[pft.adressbook.model.ContactData#174]
21:39:10.602 [Test worker] DEBUG org.hibernate.loader.Loader - Result set row: 1
21:39:10.603 [Test worker] DEBUG org.hibernate.loader.Loader - Result row: EntityKey[pft.adressbook.model.ContactData#208]
21:39:10.604 [Test worker] DEBUG org.hibernate.loader.Loader - Result set row: 2
21:39:10.604 [Test worker] DEBUG org.hibernate.loader.Loader - Result row: EntityKey[pft.adressbook.model.ContactData#212]
21:39:10.605 [Test worker] DEBUG org.hibernate.loader.Loader - Result set row: 3
21:39:10.605 [Test worker] DEBUG org.hibernate.loader.Loader - Result row: EntityKey[pft.adressbook.model.ContactData#214]
21:39:10.605 [Test worker] DEBUG org.hibernate.loader.Loader - Result set row: 4
21:39:10.605 [Test worker] DEBUG org.hibernate.loader.Loader - Result row: EntityKey[pft.adressbook.model.ContactData#215]
21:39:10.606 [Test worker] DEBUG o.h.engine.internal.TwoPhaseLoad - Resolving attributes for [pft.adressbook.model.ContactData#174]
21:39:10.606 [Test worker] DEBUG o.h.engine.internal.TwoPhaseLoad - Processing attribute `address` : value = Екатеринбург
21:39:10.606 [Test worker] DEBUG o.h.engine.internal.TwoPhaseLoad - Attribute (`address`)  - enhanced for lazy-loading? - false
21:39:10.607 [Test worker] DEBUG o.h.engine.internal.TwoPhaseLoad - Processing attribute `email` : value = sokolov85@mail.ru
21:39:10.607 [Test worker] DEBUG o.h.engine.internal.TwoPhaseLoad - Attribute (`email`)  - enhanced for lazy-loading? - false
21:39:10.607 [Test worker] DEBUG o.h.engine.internal.TwoPhaseLoad - Processing attribute `family` : value = Соколов
21:39:10.607 [Test worker] DEBUG o.h.engine.internal.TwoPhaseLoad - Attribute (`family`)  - enhanced for lazy-loading? - false
21:39:10.607 [Test worker] DEBUG o.h.engine.internal.TwoPhaseLoad - Processing attribute `groups` : value = NOT NULL COLLECTION
21:39:10.607 [Test worker] DEBUG o.h.engine.internal.TwoPhaseLoad - Attribute (`groups`)  - enhanced for lazy-loading? - false
21:39:10.608 [Test worker] DEBUG o.h.engine.internal.TwoPhaseLoad - Processing attribute `mobile` : value = 222
21:39:10.608 [Test worker] DEBUG o.h.engine.internal.TwoPhaseLoad - Attribute (`mobile`)  - enhanced for lazy-loading? - false
21:39:10.608 [Test worker] DEBUG o.h.engine.internal.TwoPhaseLoad - Processing attribute `name` : value = Олег
21:39:10.608 [Test worker] DEBUG o.h.engine.internal.TwoPhaseLoad - Attribute (`name`)  - enhanced for lazy-loading? - false
21:39:10.608 [Test worker] DEBUG o.h.engine.internal.TwoPhaseLoad - Processing attribute `photo` : value = 
21:39:10.608 [Test worker] DEBUG o.h.engine.internal.TwoPhaseLoad - Attribute (`photo`)  - enhanced for lazy-loading? - false
21:39:10.608 [Test worker] DEBUG o.h.engine.internal.TwoPhaseLoad - Processing attribute `telephone` : value = 4951251
21:39:10.608 [Test worker] DEBUG o.h.engine.internal.TwoPhaseLoad - Attribute (`telephone`)  - enhanced for lazy-loading? - false
21:39:10.608 [Test worker] DEBUG o.h.engine.internal.TwoPhaseLoad - Processing attribute `work` : value = 333
21:39:10.608 [Test worker] DEBUG o.h.engine.internal.TwoPhaseLoad - Attribute (`work`)  - enhanced for lazy-loading? - false
21:39:10.608 [Test worker] DEBUG o.h.engine.internal.TwoPhaseLoad - Done materializing entity [pft.adressbook.model.ContactData#174]
21:39:10.608 [Test worker] DEBUG o.h.engine.internal.TwoPhaseLoad - Resolving attributes for [pft.adressbook.model.ContactData#208]
21:39:10.609 [Test worker] DEBUG o.h.engine.internal.TwoPhaseLoad - Processing attribute `address` : value = Екатеринбург
21:39:10.609 [Test worker] DEBUG o.h.engine.internal.TwoPhaseLoad - Attribute (`address`)  - enhanced for lazy-loading? - false
21:39:10.609 [Test worker] DEBUG o.h.engine.internal.TwoPhaseLoad - Processing attribute `email` : value = sokolov85@mail.ru
21:39:10.609 [Test worker] DEBUG o.h.engine.internal.TwoPhaseLoad - Attribute (`email`)  - enhanced for lazy-loading? - false
21:39:10.609 [Test worker] DEBUG o.h.engine.internal.TwoPhaseLoad - Processing attribute `family` : value = Соколов
21:39:10.609 [Test worker] DEBUG o.h.engine.internal.TwoPhaseLoad - Attribute (`family`)  - enhanced for lazy-loading? - false
21:39:10.609 [Test worker] DEBUG o.h.engine.internal.TwoPhaseLoad - Processing attribute `groups` : value = NOT NULL COLLECTION
21:39:10.609 [Test worker] DEBUG o.h.engine.internal.TwoPhaseLoad - Attribute (`groups`)  - enhanced for lazy-loading? - false
21:39:10.609 [Test worker] DEBUG o.h.engine.internal.TwoPhaseLoad - Processing attribute `mobile` : value = 222
21:39:10.609 [Test worker] DEBUG o.h.engine.internal.TwoPhaseLoad - Attribute (`mobile`)  - enhanced for lazy-loading? - false
21:39:10.609 [Test worker] DEBUG o.h.engine.internal.TwoPhaseLoad - Processing attribute `name` : value = Олег
21:39:10.609 [Test worker] DEBUG o.h.engine.internal.TwoPhaseLoad - Attribute (`name`)  - enhanced for lazy-loading? - false
21:39:10.609 [Test worker] DEBUG o.h.engine.internal.TwoPhaseLoad - Processing attribute `photo` : value = 
21:39:10.609 [Test worker] DEBUG o.h.engine.internal.TwoPhaseLoad - Attribute (`photo`)  - enhanced for lazy-loading? - false
21:39:10.609 [Test worker] DEBUG o.h.engine.internal.TwoPhaseLoad - Processing attribute `telephone` : value = 4951251
21:39:10.609 [Test worker] DEBUG o.h.engine.internal.TwoPhaseLoad - Attribute (`telephone`)  - enhanced for lazy-loading? - false
21:39:10.609 [Test worker] DEBUG o.h.engine.internal.TwoPhaseLoad - Processing attribute `work` : value = 333
21:39:10.610 [Test worker] DEBUG o.h.engine.internal.TwoPhaseLoad - Attribute (`work`)  - enhanced for lazy-loading? - false
21:39:10.610 [Test worker] DEBUG o.h.engine.internal.TwoPhaseLoad - Done materializing entity [pft.adressbook.model.ContactData#208]
21:39:10.610 [Test worker] DEBUG o.h.engine.internal.TwoPhaseLoad - Resolving attributes for [pft.adressbook.model.ContactData#212]
21:39:10.610 [Test worker] DEBUG o.h.engine.internal.TwoPhaseLoad - Processing attribute `address` : value = Ekaterinburg
21:39:10.610 [Test worker] DEBUG o.h.engine.internal.TwoPhaseLoad - Attribute (`address`)  - enhanced for lazy-loading? - false
21:39:10.611 [Test worker] DEBUG o.h.engine.internal.TwoPhaseLoad - Processing attribute `email` : value = null
21:39:10.611 [Test worker] DEBUG o.h.engine.internal.TwoPhaseLoad - Attribute (`email`)  - enhanced for lazy-loading? - false
21:39:10.611 [Test worker] DEBUG o.h.engine.internal.TwoPhaseLoad - Processing attribute `family` : value = Ivanov
21:39:10.611 [Test worker] DEBUG o.h.engine.internal.TwoPhaseLoad - Attribute (`family`)  - enhanced for lazy-loading? - false
21:39:10.611 [Test worker] DEBUG o.h.engine.internal.TwoPhaseLoad - Processing attribute `groups` : value = NOT NULL COLLECTION
21:39:10.611 [Test worker] DEBUG o.h.engine.internal.TwoPhaseLoad - Attribute (`groups`)  - enhanced for lazy-loading? - false
21:39:10.611 [Test worker] DEBUG o.h.engine.internal.TwoPhaseLoad - Processing attribute `mobile` : value = null
21:39:10.611 [Test worker] DEBUG o.h.engine.internal.TwoPhaseLoad - Attribute (`mobile`)  - enhanced for lazy-loading? - false
21:39:10.611 [Test worker] DEBUG o.h.engine.internal.TwoPhaseLoad - Processing attribute `name` : value = Ivan
21:39:10.611 [Test worker] DEBUG o.h.engine.internal.TwoPhaseLoad - Attribute (`name`)  - enhanced for lazy-loading? - false
21:39:10.611 [Test worker] DEBUG o.h.engine.internal.TwoPhaseLoad - Processing attribute `photo` : value = 
21:39:10.611 [Test worker] DEBUG o.h.engine.internal.TwoPhaseLoad - Attribute (`photo`)  - enhanced for lazy-loading? - false
21:39:10.611 [Test worker] DEBUG o.h.engine.internal.TwoPhaseLoad - Processing attribute `telephone` : value = null
21:39:10.611 [Test worker] DEBUG o.h.engine.internal.TwoPhaseLoad - Attribute (`telephone`)  - enhanced for lazy-loading? - false
21:39:10.611 [Test worker] DEBUG o.h.engine.internal.TwoPhaseLoad - Processing attribute `work` : value = null
21:39:10.611 [Test worker] DEBUG o.h.engine.internal.TwoPhaseLoad - Attribute (`work`)  - enhanced for lazy-loading? - false
21:39:10.611 [Test worker] DEBUG o.h.engine.internal.TwoPhaseLoad - Done materializing entity [pft.adressbook.model.ContactData#212]
21:39:10.612 [Test worker] DEBUG o.h.engine.internal.TwoPhaseLoad - Resolving attributes for [pft.adressbook.model.ContactData#214]
21:39:10.612 [Test worker] DEBUG o.h.engine.internal.TwoPhaseLoad - Processing attribute `address` : value = Ekaterinburg
21:39:10.612 [Test worker] DEBUG o.h.engine.internal.TwoPhaseLoad - Attribute (`address`)  - enhanced for lazy-loading? - false
21:39:10.612 [Test worker] DEBUG o.h.engine.internal.TwoPhaseLoad - Processing attribute `email` : value = null
21:39:10.612 [Test worker] DEBUG o.h.engine.internal.TwoPhaseLoad - Attribute (`email`)  - enhanced for lazy-loading? - false
21:39:10.612 [Test worker] DEBUG o.h.engine.internal.TwoPhaseLoad - Processing attribute `family` : value = Ivanov
21:39:10.612 [Test worker] DEBUG o.h.engine.internal.TwoPhaseLoad - Attribute (`family`)  - enhanced for lazy-loading? - false
21:39:10.612 [Test worker] DEBUG o.h.engine.internal.TwoPhaseLoad - Processing attribute `groups` : value = NOT NULL COLLECTION
21:39:10.612 [Test worker] DEBUG o.h.engine.internal.TwoPhaseLoad - Attribute (`groups`)  - enhanced for lazy-loading? - false
21:39:10.612 [Test worker] DEBUG o.h.engine.internal.TwoPhaseLoad - Processing attribute `mobile` : value = null
21:39:10.612 [Test worker] DEBUG o.h.engine.internal.TwoPhaseLoad - Attribute (`mobile`)  - enhanced for lazy-loading? - false
21:39:10.612 [Test worker] DEBUG o.h.engine.internal.TwoPhaseLoad - Processing attribute `name` : value = Ivan
21:39:10.612 [Test worker] DEBUG o.h.engine.internal.TwoPhaseLoad - Attribute (`name`)  - enhanced for lazy-loading? - false
21:39:10.612 [Test worker] DEBUG o.h.engine.internal.TwoPhaseLoad - Processing attribute `photo` : value = 
21:39:10.612 [Test worker] DEBUG o.h.engine.internal.TwoPhaseLoad - Attribute (`photo`)  - enhanced for lazy-loading? - false
21:39:10.612 [Test worker] DEBUG o.h.engine.internal.TwoPhaseLoad - Processing attribute `telephone` : value = null
21:39:10.612 [Test worker] DEBUG o.h.engine.internal.TwoPhaseLoad - Attribute (`telephone`)  - enhanced for lazy-loading? - false
21:39:10.613 [Test worker] DEBUG o.h.engine.internal.TwoPhaseLoad - Processing attribute `work` : value = null
21:39:10.613 [Test worker] DEBUG o.h.engine.internal.TwoPhaseLoad - Attribute (`work`)  - enhanced for lazy-loading? - false
21:39:10.613 [Test worker] DEBUG o.h.engine.internal.TwoPhaseLoad - Done materializing entity [pft.adressbook.model.ContactData#214]
21:39:10.613 [Test worker] DEBUG o.h.engine.internal.TwoPhaseLoad - Resolving attributes for [pft.adressbook.model.ContactData#215]
21:39:10.613 [Test worker] DEBUG o.h.engine.internal.TwoPhaseLoad - Processing attribute `address` : value = Ekaterinburg
21:39:10.613 [Test worker] DEBUG o.h.engine.internal.TwoPhaseLoad - Attribute (`address`)  - enhanced for lazy-loading? - false
21:39:10.613 [Test worker] DEBUG o.h.engine.internal.TwoPhaseLoad - Processing attribute `email` : value = null
21:39:10.613 [Test worker] DEBUG o.h.engine.internal.TwoPhaseLoad - Attribute (`email`)  - enhanced for lazy-loading? - false
21:39:10.613 [Test worker] DEBUG o.h.engine.internal.TwoPhaseLoad - Processing attribute `family` : value = Petrov
21:39:10.613 [Test worker] DEBUG o.h.engine.internal.TwoPhaseLoad - Attribute (`family`)  - enhanced for lazy-loading? - false
21:39:10.613 [Test worker] DEBUG o.h.engine.internal.TwoPhaseLoad - Processing attribute `groups` : value = NOT NULL COLLECTION
21:39:10.613 [Test worker] DEBUG o.h.engine.internal.TwoPhaseLoad - Attribute (`groups`)  - enhanced for lazy-loading? - false
21:39:10.613 [Test worker] DEBUG o.h.engine.internal.TwoPhaseLoad - Processing attribute `mobile` : value = null
21:39:10.613 [Test worker] DEBUG o.h.engine.internal.TwoPhaseLoad - Attribute (`mobile`)  - enhanced for lazy-loading? - false
21:39:10.613 [Test worker] DEBUG o.h.engine.internal.TwoPhaseLoad - Processing attribute `name` : value = Petr
21:39:10.614 [Test worker] DEBUG o.h.engine.internal.TwoPhaseLoad - Attribute (`name`)  - enhanced for lazy-loading? - false
21:39:10.614 [Test worker] DEBUG o.h.engine.internal.TwoPhaseLoad - Processing attribute `photo` : value = 
21:39:10.614 [Test worker] DEBUG o.h.engine.internal.TwoPhaseLoad - Attribute (`photo`)  - enhanced for lazy-loading? - false
21:39:10.614 [Test worker] DEBUG o.h.engine.internal.TwoPhaseLoad - Processing attribute `telephone` : value = null
21:39:10.614 [Test worker] DEBUG o.h.engine.internal.TwoPhaseLoad - Attribute (`telephone`)  - enhanced for lazy-loading? - false
21:39:10.614 [Test worker] DEBUG o.h.engine.internal.TwoPhaseLoad - Processing attribute `work` : value = null
21:39:10.614 [Test worker] DEBUG o.h.engine.internal.TwoPhaseLoad - Attribute (`work`)  - enhanced for lazy-loading? - false
21:39:10.614 [Test worker] DEBUG o.h.engine.internal.TwoPhaseLoad - Done materializing entity [pft.adressbook.model.ContactData#215]
21:39:10.619 [Test worker] DEBUG o.h.l.c.p.AbstractLoadPlanBasedCollectionInitializer - Loading collection: [pft.adressbook.model.ContactData.groups#215]
21:39:10.621 [Test worker] DEBUG org.hibernate.SQL - select groups0_.id as id1_0_0_, groups0_.group_id as group_id2_0_0_, groupdata1_.group_id as group_id1_2_1_, groupdata1_.group_footer as group_fo2_2_1_, groupdata1_.group_header as group_he3_2_1_, groupdata1_.group_name as group_na4_2_1_ from address_in_groups groups0_ inner join group_list groupdata1_ on groups0_.group_id=groupdata1_.group_id where groups0_.id=?
Hibernate: select groups0_.id as id1_0_0_, groups0_.group_id as group_id2_0_0_, groupdata1_.group_id as group_id1_2_1_, groupdata1_.group_footer as group_fo2_2_1_, groupdata1_.group_header as group_he3_2_1_, groupdata1_.group_name as group_na4_2_1_ from address_in_groups groups0_ inner join group_list groupdata1_ on groups0_.group_id=groupdata1_.group_id where groups0_.id=?
21:39:10.632 [Test worker] DEBUG o.h.l.p.e.p.i.ResultSetProcessorImpl - Preparing collection initializer : [pft.adressbook.model.ContactData.groups#215]
21:39:10.641 [Test worker] DEBUG o.h.e.l.i.CollectionLoadContext - 1 collections were found in result set for role: pft.adressbook.model.ContactData.groups
21:39:10.641 [Test worker] DEBUG o.h.e.l.i.CollectionLoadContext - Collection fully initialized: [pft.adressbook.model.ContactData.groups#215]
21:39:10.641 [Test worker] DEBUG o.h.e.l.i.CollectionLoadContext - 1 collections initialized for role: pft.adressbook.model.ContactData.groups
21:39:10.642 [Test worker] DEBUG o.h.l.c.p.AbstractLoadPlanBasedCollectionInitializer - Done loading collection
21:39:10.642 [Test worker] DEBUG o.h.l.c.p.AbstractLoadPlanBasedCollectionInitializer - Loading collection: [pft.adressbook.model.ContactData.groups#214]
21:39:10.642 [Test worker] DEBUG org.hibernate.SQL - select groups0_.id as id1_0_0_, groups0_.group_id as group_id2_0_0_, groupdata1_.group_id as group_id1_2_1_, groupdata1_.group_footer as group_fo2_2_1_, groupdata1_.group_header as group_he3_2_1_, groupdata1_.group_name as group_na4_2_1_ from address_in_groups groups0_ inner join group_list groupdata1_ on groups0_.group_id=groupdata1_.group_id where groups0_.id=?
Hibernate: select groups0_.id as id1_0_0_, groups0_.group_id as group_id2_0_0_, groupdata1_.group_id as group_id1_2_1_, groupdata1_.group_footer as group_fo2_2_1_, groupdata1_.group_header as group_he3_2_1_, groupdata1_.group_name as group_na4_2_1_ from address_in_groups groups0_ inner join group_list groupdata1_ on groups0_.group_id=groupdata1_.group_id where groups0_.id=?
21:39:10.643 [Test worker] DEBUG o.h.l.p.e.p.i.ResultSetProcessorImpl - Preparing collection initializer : [pft.adressbook.model.ContactData.groups#214]
21:39:10.644 [Test worker] DEBUG o.h.e.l.i.CollectionLoadContext - 1 collections were found in result set for role: pft.adressbook.model.ContactData.groups
21:39:10.644 [Test worker] DEBUG o.h.e.l.i.CollectionLoadContext - Collection fully initialized: [pft.adressbook.model.ContactData.groups#214]
21:39:10.644 [Test worker] DEBUG o.h.e.l.i.CollectionLoadContext - 1 collections initialized for role: pft.adressbook.model.ContactData.groups
21:39:10.644 [Test worker] DEBUG o.h.l.c.p.AbstractLoadPlanBasedCollectionInitializer - Done loading collection
21:39:10.644 [Test worker] DEBUG o.h.l.c.p.AbstractLoadPlanBasedCollectionInitializer - Loading collection: [pft.adressbook.model.ContactData.groups#212]
21:39:10.644 [Test worker] DEBUG org.hibernate.SQL - select groups0_.id as id1_0_0_, groups0_.group_id as group_id2_0_0_, groupdata1_.group_id as group_id1_2_1_, groupdata1_.group_footer as group_fo2_2_1_, groupdata1_.group_header as group_he3_2_1_, groupdata1_.group_name as group_na4_2_1_ from address_in_groups groups0_ inner join group_list groupdata1_ on groups0_.group_id=groupdata1_.group_id where groups0_.id=?
Hibernate: select groups0_.id as id1_0_0_, groups0_.group_id as group_id2_0_0_, groupdata1_.group_id as group_id1_2_1_, groupdata1_.group_footer as group_fo2_2_1_, groupdata1_.group_header as group_he3_2_1_, groupdata1_.group_name as group_na4_2_1_ from address_in_groups groups0_ inner join group_list groupdata1_ on groups0_.group_id=groupdata1_.group_id where groups0_.id=?
21:39:10.647 [Test worker] DEBUG o.h.l.p.e.p.i.ResultSetProcessorImpl - Preparing collection initializer : [pft.adressbook.model.ContactData.groups#212]
21:39:10.647 [Test worker] DEBUG o.h.e.l.i.CollectionLoadContext - 1 collections were found in result set for role: pft.adressbook.model.ContactData.groups
21:39:10.647 [Test worker] DEBUG o.h.e.l.i.CollectionLoadContext - Collection fully initialized: [pft.adressbook.model.ContactData.groups#212]
21:39:10.647 [Test worker] DEBUG o.h.e.l.i.CollectionLoadContext - 1 collections initialized for role: pft.adressbook.model.ContactData.groups
21:39:10.648 [Test worker] DEBUG o.h.l.c.p.AbstractLoadPlanBasedCollectionInitializer - Done loading collection
21:39:10.648 [Test worker] DEBUG o.h.l.c.p.AbstractLoadPlanBasedCollectionInitializer - Loading collection: [pft.adressbook.model.ContactData.groups#208]
21:39:10.648 [Test worker] DEBUG org.hibernate.SQL - select groups0_.id as id1_0_0_, groups0_.group_id as group_id2_0_0_, groupdata1_.group_id as group_id1_2_1_, groupdata1_.group_footer as group_fo2_2_1_, groupdata1_.group_header as group_he3_2_1_, groupdata1_.group_name as group_na4_2_1_ from address_in_groups groups0_ inner join group_list groupdata1_ on groups0_.group_id=groupdata1_.group_id where groups0_.id=?
Hibernate: select groups0_.id as id1_0_0_, groups0_.group_id as group_id2_0_0_, groupdata1_.group_id as group_id1_2_1_, groupdata1_.group_footer as group_fo2_2_1_, groupdata1_.group_header as group_he3_2_1_, groupdata1_.group_name as group_na4_2_1_ from address_in_groups groups0_ inner join group_list groupdata1_ on groups0_.group_id=groupdata1_.group_id where groups0_.id=?
21:39:10.650 [Test worker] DEBUG o.h.l.p.e.p.i.ResultSetProcessorImpl - Preparing collection initializer : [pft.adressbook.model.ContactData.groups#208]
21:39:10.656 [Test worker] DEBUG o.h.l.p.e.p.i.CollectionReferenceInitializerImpl - Found row of collection: [pft.adressbook.model.ContactData.groups#208]
21:39:10.667 [Test worker] DEBUG o.h.l.p.e.p.i.CollectionReferenceInitializerImpl - Found row of collection: [pft.adressbook.model.ContactData.groups#208]
21:39:10.668 [Test worker] DEBUG o.h.engine.internal.TwoPhaseLoad - Resolving attributes for [pft.adressbook.model.GroupData#175]
21:39:10.668 [Test worker] DEBUG o.h.engine.internal.TwoPhaseLoad - Processing attribute `contacts` : value = NOT NULL COLLECTION
21:39:10.668 [Test worker] DEBUG o.h.engine.internal.TwoPhaseLoad - Attribute (`contacts`)  - enhanced for lazy-loading? - false
21:39:10.668 [Test worker] DEBUG o.h.engine.internal.TwoPhaseLoad - Processing attribute `footer` : value = footer 0
21:39:10.668 [Test worker] DEBUG o.h.engine.internal.TwoPhaseLoad - Attribute (`footer`)  - enhanced for lazy-loading? - false
21:39:10.669 [Test worker] DEBUG o.h.engine.internal.TwoPhaseLoad - Processing attribute `header` : value = header 0
21:39:10.669 [Test worker] DEBUG o.h.engine.internal.TwoPhaseLoad - Attribute (`header`)  - enhanced for lazy-loading? - false
21:39:10.669 [Test worker] DEBUG o.h.engine.internal.TwoPhaseLoad - Processing attribute `name` : value = test 0
21:39:10.669 [Test worker] DEBUG o.h.engine.internal.TwoPhaseLoad - Attribute (`name`)  - enhanced for lazy-loading? - false
21:39:10.669 [Test worker] DEBUG o.h.engine.internal.TwoPhaseLoad - Done materializing entity [pft.adressbook.model.GroupData#175]
21:39:10.669 [Test worker] DEBUG o.h.engine.internal.TwoPhaseLoad - Resolving attributes for [pft.adressbook.model.GroupData#177]
21:39:10.669 [Test worker] DEBUG o.h.engine.internal.TwoPhaseLoad - Processing attribute `contacts` : value = NOT NULL COLLECTION
21:39:10.669 [Test worker] DEBUG o.h.engine.internal.TwoPhaseLoad - Attribute (`contacts`)  - enhanced for lazy-loading? - false
21:39:10.669 [Test worker] DEBUG o.h.engine.internal.TwoPhaseLoad - Processing attribute `footer` : value = test3
21:39:10.669 [Test worker] DEBUG o.h.engine.internal.TwoPhaseLoad - Attribute (`footer`)  - enhanced for lazy-loading? - false
21:39:10.669 [Test worker] DEBUG o.h.engine.internal.TwoPhaseLoad - Processing attribute `header` : value = test2
21:39:10.669 [Test worker] DEBUG o.h.engine.internal.TwoPhaseLoad - Attribute (`header`)  - enhanced for lazy-loading? - false
21:39:10.669 [Test worker] DEBUG o.h.engine.internal.TwoPhaseLoad - Processing attribute `name` : value = test1
21:39:10.669 [Test worker] DEBUG o.h.engine.internal.TwoPhaseLoad - Attribute (`name`)  - enhanced for lazy-loading? - false
21:39:10.670 [Test worker] DEBUG o.h.engine.internal.TwoPhaseLoad - Done materializing entity [pft.adressbook.model.GroupData#177]
21:39:10.670 [Test worker] DEBUG o.h.e.l.i.CollectionLoadContext - 1 collections were found in result set for role: pft.adressbook.model.ContactData.groups
21:39:10.670 [Test worker] DEBUG o.h.e.l.i.CollectionLoadContext - Collection fully initialized: [pft.adressbook.model.ContactData.groups#208]
21:39:10.670 [Test worker] DEBUG o.h.e.l.i.CollectionLoadContext - 1 collections initialized for role: pft.adressbook.model.ContactData.groups
21:39:10.670 [Test worker] DEBUG o.h.l.c.p.AbstractLoadPlanBasedCollectionInitializer - Done loading collection
21:39:10.670 [Test worker] DEBUG o.h.l.c.p.AbstractLoadPlanBasedCollectionInitializer - Loading collection: [pft.adressbook.model.ContactData.groups#174]
21:39:10.671 [Test worker] DEBUG org.hibernate.SQL - select groups0_.id as id1_0_0_, groups0_.group_id as group_id2_0_0_, groupdata1_.group_id as group_id1_2_1_, groupdata1_.group_footer as group_fo2_2_1_, groupdata1_.group_header as group_he3_2_1_, groupdata1_.group_name as group_na4_2_1_ from address_in_groups groups0_ inner join group_list groupdata1_ on groups0_.group_id=groupdata1_.group_id where groups0_.id=?
Hibernate: select groups0_.id as id1_0_0_, groups0_.group_id as group_id2_0_0_, groupdata1_.group_id as group_id1_2_1_, groupdata1_.group_footer as group_fo2_2_1_, groupdata1_.group_header as group_he3_2_1_, groupdata1_.group_name as group_na4_2_1_ from address_in_groups groups0_ inner join group_list groupdata1_ on groups0_.group_id=groupdata1_.group_id where groups0_.id=?
21:39:10.681 [Test worker] DEBUG o.h.l.p.e.p.i.ResultSetProcessorImpl - Preparing collection initializer : [pft.adressbook.model.ContactData.groups#174]
21:39:10.682 [Test worker] DEBUG o.h.l.p.e.p.i.CollectionReferenceInitializerImpl - Found row of collection: [pft.adressbook.model.ContactData.groups#174]
21:39:10.682 [Test worker] DEBUG o.h.l.p.e.p.i.CollectionReferenceInitializerImpl - Found row of collection: [pft.adressbook.model.ContactData.groups#174]
21:39:10.682 [Test worker] DEBUG o.h.e.l.i.CollectionLoadContext - 1 collections were found in result set for role: pft.adressbook.model.ContactData.groups
21:39:10.683 [Test worker] DEBUG o.h.e.l.i.CollectionLoadContext - Collection fully initialized: [pft.adressbook.model.ContactData.groups#174]
21:39:10.683 [Test worker] DEBUG o.h.e.l.i.CollectionLoadContext - 1 collections initialized for role: pft.adressbook.model.ContactData.groups
21:39:10.683 [Test worker] DEBUG o.h.l.c.p.AbstractLoadPlanBasedCollectionInitializer - Done loading collection
21:39:10.683 [Test worker] DEBUG o.h.e.t.internal.TransactionImpl - committing
21:39:10.683 [Test worker] DEBUG o.h.e.i.AbstractFlushingEventListener - Processing flush-time cascades
21:39:10.683 [Test worker] DEBUG o.h.e.i.AbstractFlushingEventListener - Dirty checking collections
21:39:10.683 [Test worker] DEBUG o.h.engine.internal.Collections - Collection found: [pft.adressbook.model.ContactData.groups#174], was: [pft.adressbook.model.ContactData.groups#174] (initialized)
21:39:10.684 [Test worker] DEBUG o.h.engine.internal.Collections - Collection found: [pft.adressbook.model.ContactData.groups#208], was: [pft.adressbook.model.ContactData.groups#208] (initialized)
21:39:10.684 [Test worker] DEBUG o.h.engine.internal.Collections - Collection found: [pft.adressbook.model.ContactData.groups#212], was: [pft.adressbook.model.ContactData.groups#212] (initialized)
21:39:10.695 [Test worker] DEBUG o.h.engine.internal.Collections - Collection found: [pft.adressbook.model.ContactData.groups#214], was: [pft.adressbook.model.ContactData.groups#214] (initialized)
21:39:10.695 [Test worker] DEBUG o.h.engine.internal.Collections - Collection found: [pft.adressbook.model.ContactData.groups#215], was: [pft.adressbook.model.ContactData.groups#215] (initialized)
21:39:10.695 [Test worker] DEBUG o.h.engine.internal.Collections - Collection found: [pft.adressbook.model.GroupData.contacts#175], was: [pft.adressbook.model.GroupData.contacts#175] (uninitialized)
21:39:10.696 [Test worker] DEBUG o.h.engine.internal.Collections - Collection found: [pft.adressbook.model.GroupData.contacts#177], was: [pft.adressbook.model.GroupData.contacts#177] (uninitialized)
21:39:10.696 [Test worker] DEBUG o.h.e.i.AbstractFlushingEventListener - Flushed: 0 insertions, 0 updates, 0 deletions to 7 objects
21:39:10.696 [Test worker] DEBUG o.h.e.i.AbstractFlushingEventListener - Flushed: 0 (re)creations, 0 updates, 0 removals to 7 collections
21:39:10.696 [Test worker] DEBUG o.h.internal.util.EntityPrinter - Listing entities:
21:39:10.698 [Test worker] DEBUG o.h.internal.util.EntityPrinter - pft.adressbook.model.ContactData{address=Екатеринбург, work=333, mobile=222, name=Олег, groups=[pft.adressbook.model.GroupData#175, pft.adressbook.model.GroupData#177], photo=, telephone=4951251, id=208, family=Соколов, email=sokolov85@mail.ru}
21:39:10.699 [Test worker] DEBUG o.h.internal.util.EntityPrinter - pft.adressbook.model.ContactData{address=Екатеринбург, work=333, mobile=222, name=Олег, groups=[pft.adressbook.model.GroupData#175, pft.adressbook.model.GroupData#177], photo=, telephone=4951251, id=174, family=Соколов, email=sokolov85@mail.ru}
21:39:10.699 [Test worker] DEBUG o.h.internal.util.EntityPrinter - pft.adressbook.model.GroupData{footer=footer 0, name=test 0, header=header 0, id=175, contacts=<uninitialized>}
21:39:10.699 [Test worker] DEBUG o.h.internal.util.EntityPrinter - pft.adressbook.model.GroupData{footer=test3, name=test1, header=test2, id=177, contacts=<uninitialized>}
21:39:10.699 [Test worker] DEBUG o.h.internal.util.EntityPrinter - pft.adressbook.model.ContactData{address=Ekaterinburg, work=null, mobile=null, name=Petr, groups=[], photo=, telephone=null, id=215, family=Petrov, email=null}
21:39:10.700 [Test worker] DEBUG o.h.internal.util.EntityPrinter - pft.adressbook.model.ContactData{address=Ekaterinburg, work=null, mobile=null, name=Ivan, groups=[], photo=, telephone=null, id=214, family=Ivanov, email=null}
21:39:10.700 [Test worker] DEBUG o.h.internal.util.EntityPrinter - pft.adressbook.model.ContactData{address=Ekaterinburg, work=null, mobile=null, name=Ivan, groups=[], photo=, telephone=null, id=212, family=Ivanov, email=null}
21:39:10.702 [Test worker] DEBUG o.h.r.j.i.LogicalConnectionManagedImpl - Initiating JDBC connection release from afterTransaction
21:39:10.706 [Test worker] DEBUG o.h.r.j.i.LogicalConnectionManagedImpl - Initiating JDBC connection release from afterTransaction
21:39:18.784 [Test worker] DEBUG o.h.e.t.internal.TransactionImpl - On TransactionImpl creation, JpaCompliance#isJpaTransactionComplianceEnabled == false
21:39:18.784 [Test worker] DEBUG o.h.e.t.internal.TransactionImpl - begin
21:39:18.785 [Test worker] DEBUG org.hibernate.SQL - select contactdat0_.id as id1_1_, contactdat0_.address as address2_1_, contactdat0_.email as email3_1_, contactdat0_.lastname as lastname4_1_, contactdat0_.mobile as mobile5_1_, contactdat0_.firstname as firstnam6_1_, contactdat0_.photo as photo7_1_, contactdat0_.home as home8_1_, contactdat0_.work as work9_1_ from addressbook contactdat0_
Hibernate: select contactdat0_.id as id1_1_, contactdat0_.address as address2_1_, contactdat0_.email as email3_1_, contactdat0_.lastname as lastname4_1_, contactdat0_.mobile as mobile5_1_, contactdat0_.firstname as firstnam6_1_, contactdat0_.photo as photo7_1_, contactdat0_.home as home8_1_, contactdat0_.work as work9_1_ from addressbook contactdat0_
21:39:18.790 [Test worker] DEBUG org.hibernate.loader.Loader - Result set row: 0
21:39:18.791 [Test worker] DEBUG org.hibernate.loader.Loader - Result row: EntityKey[pft.adressbook.model.ContactData#174]
21:39:18.793 [Test worker] DEBUG org.hibernate.loader.Loader - Result set row: 1
21:39:18.794 [Test worker] DEBUG org.hibernate.loader.Loader - Result row: EntityKey[pft.adressbook.model.ContactData#208]
21:39:18.795 [Test worker] DEBUG org.hibernate.loader.Loader - Result set row: 2
21:39:18.797 [Test worker] DEBUG org.hibernate.loader.Loader - Result row: EntityKey[pft.adressbook.model.ContactData#212]
21:39:18.798 [Test worker] DEBUG org.hibernate.loader.Loader - Result set row: 3
21:39:18.800 [Test worker] DEBUG org.hibernate.loader.Loader - Result row: EntityKey[pft.adressbook.model.ContactData#214]
21:39:18.801 [Test worker] DEBUG org.hibernate.loader.Loader - Result set row: 4
21:39:18.802 [Test worker] DEBUG org.hibernate.loader.Loader - Result row: EntityKey[pft.adressbook.model.ContactData#215]
21:39:18.802 [Test worker] DEBUG org.hibernate.loader.Loader - Result set row: 5
21:39:18.802 [Test worker] DEBUG org.hibernate.loader.Loader - Result row: EntityKey[pft.adressbook.model.ContactData#216]
21:39:18.804 [Test worker] DEBUG o.h.engine.internal.TwoPhaseLoad - Resolving attributes for [pft.adressbook.model.ContactData#174]
21:39:18.804 [Test worker] DEBUG o.h.engine.internal.TwoPhaseLoad - Processing attribute `address` : value = Екатеринбург
21:39:18.804 [Test worker] DEBUG o.h.engine.internal.TwoPhaseLoad - Attribute (`address`)  - enhanced for lazy-loading? - false
21:39:18.804 [Test worker] DEBUG o.h.engine.internal.TwoPhaseLoad - Processing attribute `email` : value = sokolov85@mail.ru
21:39:18.804 [Test worker] DEBUG o.h.engine.internal.TwoPhaseLoad - Attribute (`email`)  - enhanced for lazy-loading? - false
21:39:18.804 [Test worker] DEBUG o.h.engine.internal.TwoPhaseLoad - Processing attribute `family` : value = Соколов
21:39:18.804 [Test worker] DEBUG o.h.engine.internal.TwoPhaseLoad - Attribute (`family`)  - enhanced for lazy-loading? - false
21:39:18.804 [Test worker] DEBUG o.h.engine.internal.TwoPhaseLoad - Processing attribute `groups` : value = NOT NULL COLLECTION
21:39:18.805 [Test worker] DEBUG o.h.engine.internal.TwoPhaseLoad - Attribute (`groups`)  - enhanced for lazy-loading? - false
21:39:18.805 [Test worker] DEBUG o.h.engine.internal.TwoPhaseLoad - Processing attribute `mobile` : value = 222
21:39:18.805 [Test worker] DEBUG o.h.engine.internal.TwoPhaseLoad - Attribute (`mobile`)  - enhanced for lazy-loading? - false
21:39:18.805 [Test worker] DEBUG o.h.engine.internal.TwoPhaseLoad - Processing attribute `name` : value = Олег
21:39:18.806 [Test worker] DEBUG o.h.engine.internal.TwoPhaseLoad - Attribute (`name`)  - enhanced for lazy-loading? - false
21:39:18.806 [Test worker] DEBUG o.h.engine.internal.TwoPhaseLoad - Processing attribute `photo` : value = 
21:39:18.806 [Test worker] DEBUG o.h.engine.internal.TwoPhaseLoad - Attribute (`photo`)  - enhanced for lazy-loading? - false
21:39:18.806 [Test worker] DEBUG o.h.engine.internal.TwoPhaseLoad - Processing attribute `telephone` : value = 4951251
21:39:18.806 [Test worker] DEBUG o.h.engine.internal.TwoPhaseLoad - Attribute (`telephone`)  - enhanced for lazy-loading? - false
21:39:18.806 [Test worker] DEBUG o.h.engine.internal.TwoPhaseLoad - Processing attribute `work` : value = 333
21:39:18.806 [Test worker] DEBUG o.h.engine.internal.TwoPhaseLoad - Attribute (`work`)  - enhanced for lazy-loading? - false
21:39:18.807 [Test worker] DEBUG o.h.engine.internal.TwoPhaseLoad - Done materializing entity [pft.adressbook.model.ContactData#174]
21:39:18.808 [Test worker] DEBUG o.h.engine.internal.TwoPhaseLoad - Resolving attributes for [pft.adressbook.model.ContactData#208]
21:39:18.810 [Test worker] DEBUG o.h.engine.internal.TwoPhaseLoad - Processing attribute `address` : value = Екатеринбург
21:39:18.810 [Test worker] DEBUG o.h.engine.internal.TwoPhaseLoad - Attribute (`address`)  - enhanced for lazy-loading? - false
21:39:18.811 [Test worker] DEBUG o.h.engine.internal.TwoPhaseLoad - Processing attribute `email` : value = sokolov85@mail.ru
21:39:18.811 [Test worker] DEBUG o.h.engine.internal.TwoPhaseLoad - Attribute (`email`)  - enhanced for lazy-loading? - false
21:39:18.811 [Test worker] DEBUG o.h.engine.internal.TwoPhaseLoad - Processing attribute `family` : value = Соколов
21:39:18.812 [Test worker] DEBUG o.h.engine.internal.TwoPhaseLoad - Attribute (`family`)  - enhanced for lazy-loading? - false
21:39:18.812 [Test worker] DEBUG o.h.engine.internal.TwoPhaseLoad - Processing attribute `groups` : value = NOT NULL COLLECTION
21:39:18.812 [Test worker] DEBUG o.h.engine.internal.TwoPhaseLoad - Attribute (`groups`)  - enhanced for lazy-loading? - false
21:39:18.812 [Test worker] DEBUG o.h.engine.internal.TwoPhaseLoad - Processing attribute `mobile` : value = 222
21:39:18.812 [Test worker] DEBUG o.h.engine.internal.TwoPhaseLoad - Attribute (`mobile`)  - enhanced for lazy-loading? - false
21:39:18.813 [Test worker] DEBUG o.h.engine.internal.TwoPhaseLoad - Processing attribute `name` : value = Олег
21:39:18.813 [Test worker] DEBUG o.h.engine.internal.TwoPhaseLoad - Attribute (`name`)  - enhanced for lazy-loading? - false
21:39:18.813 [Test worker] DEBUG o.h.engine.internal.TwoPhaseLoad - Processing attribute `photo` : value = 
21:39:18.813 [Test worker] DEBUG o.h.engine.internal.TwoPhaseLoad - Attribute (`photo`)  - enhanced for lazy-loading? - false
21:39:18.813 [Test worker] DEBUG o.h.engine.internal.TwoPhaseLoad - Processing attribute `telephone` : value = 4951251
21:39:18.813 [Test worker] DEBUG o.h.engine.internal.TwoPhaseLoad - Attribute (`telephone`)  - enhanced for lazy-loading? - false
21:39:18.813 [Test worker] DEBUG o.h.engine.internal.TwoPhaseLoad - Processing attribute `work` : value = 333
21:39:18.814 [Test worker] DEBUG o.h.engine.internal.TwoPhaseLoad - Attribute (`work`)  - enhanced for lazy-loading? - false
21:39:18.814 [Test worker] DEBUG o.h.engine.internal.TwoPhaseLoad - Done materializing entity [pft.adressbook.model.ContactData#208]
21:39:18.814 [Test worker] DEBUG o.h.engine.internal.TwoPhaseLoad - Resolving attributes for [pft.adressbook.model.ContactData#212]
21:39:18.814 [Test worker] DEBUG o.h.engine.internal.TwoPhaseLoad - Processing attribute `address` : value = Ekaterinburg
21:39:18.814 [Test worker] DEBUG o.h.engine.internal.TwoPhaseLoad - Attribute (`address`)  - enhanced for lazy-loading? - false
21:39:18.815 [Test worker] DEBUG o.h.engine.internal.TwoPhaseLoad - Processing attribute `email` : value = null
21:39:18.815 [Test worker] DEBUG o.h.engine.internal.TwoPhaseLoad - Attribute (`email`)  - enhanced for lazy-loading? - false
21:39:18.815 [Test worker] DEBUG o.h.engine.internal.TwoPhaseLoad - Processing attribute `family` : value = Ivanov
21:39:18.815 [Test worker] DEBUG o.h.engine.internal.TwoPhaseLoad - Attribute (`family`)  - enhanced for lazy-loading? - false
21:39:18.815 [Test worker] DEBUG o.h.engine.internal.TwoPhaseLoad - Processing attribute `groups` : value = NOT NULL COLLECTION
21:39:18.815 [Test worker] DEBUG o.h.engine.internal.TwoPhaseLoad - Attribute (`groups`)  - enhanced for lazy-loading? - false
21:39:18.815 [Test worker] DEBUG o.h.engine.internal.TwoPhaseLoad - Processing attribute `mobile` : value = null
21:39:18.815 [Test worker] DEBUG o.h.engine.internal.TwoPhaseLoad - Attribute (`mobile`)  - enhanced for lazy-loading? - false
21:39:18.815 [Test worker] DEBUG o.h.engine.internal.TwoPhaseLoad - Processing attribute `name` : value = Ivan
21:39:18.815 [Test worker] DEBUG o.h.engine.internal.TwoPhaseLoad - Attribute (`name`)  - enhanced for lazy-loading? - false
21:39:18.815 [Test worker] DEBUG o.h.engine.internal.TwoPhaseLoad - Processing attribute `photo` : value = 
21:39:18.815 [Test worker] DEBUG o.h.engine.internal.TwoPhaseLoad - Attribute (`photo`)  - enhanced for lazy-loading? - false
21:39:18.816 [Test worker] DEBUG o.h.engine.internal.TwoPhaseLoad - Processing attribute `telephone` : value = null
21:39:18.816 [Test worker] DEBUG o.h.engine.internal.TwoPhaseLoad - Attribute (`telephone`)  - enhanced for lazy-loading? - false
21:39:18.816 [Test worker] DEBUG o.h.engine.internal.TwoPhaseLoad - Processing attribute `work` : value = null
21:39:18.816 [Test worker] DEBUG o.h.engine.internal.TwoPhaseLoad - Attribute (`work`)  - enhanced for lazy-loading? - false
21:39:18.816 [Test worker] DEBUG o.h.engine.internal.TwoPhaseLoad - Done materializing entity [pft.adressbook.model.ContactData#212]
21:39:18.816 [Test worker] DEBUG o.h.engine.internal.TwoPhaseLoad - Resolving attributes for [pft.adressbook.model.ContactData#214]
21:39:18.816 [Test worker] DEBUG o.h.engine.internal.TwoPhaseLoad - Processing attribute `address` : value = Ekaterinburg
21:39:18.816 [Test worker] DEBUG o.h.engine.internal.TwoPhaseLoad - Attribute (`address`)  - enhanced for lazy-loading? - false
21:39:18.816 [Test worker] DEBUG o.h.engine.internal.TwoPhaseLoad - Processing attribute `email` : value = null
21:39:18.816 [Test worker] DEBUG o.h.engine.internal.TwoPhaseLoad - Attribute (`email`)  - enhanced for lazy-loading? - false
21:39:18.816 [Test worker] DEBUG o.h.engine.internal.TwoPhaseLoad - Processing attribute `family` : value = Ivanov
21:39:18.816 [Test worker] DEBUG o.h.engine.internal.TwoPhaseLoad - Attribute (`family`)  - enhanced for lazy-loading? - false
21:39:18.816 [Test worker] DEBUG o.h.engine.internal.TwoPhaseLoad - Processing attribute `groups` : value = NOT NULL COLLECTION
21:39:18.817 [Test worker] DEBUG o.h.engine.internal.TwoPhaseLoad - Attribute (`groups`)  - enhanced for lazy-loading? - false
21:39:18.817 [Test worker] DEBUG o.h.engine.internal.TwoPhaseLoad - Processing attribute `mobile` : value = null
21:39:18.817 [Test worker] DEBUG o.h.engine.internal.TwoPhaseLoad - Attribute (`mobile`)  - enhanced for lazy-loading? - false
21:39:18.817 [Test worker] DEBUG o.h.engine.internal.TwoPhaseLoad - Processing attribute `name` : value = Ivan
21:39:18.817 [Test worker] DEBUG o.h.engine.internal.TwoPhaseLoad - Attribute (`name`)  - enhanced for lazy-loading? - false
21:39:18.817 [Test worker] DEBUG o.h.engine.internal.TwoPhaseLoad - Processing attribute `photo` : value = 
21:39:18.817 [Test worker] DEBUG o.h.engine.internal.TwoPhaseLoad - Attribute (`photo`)  - enhanced for lazy-loading? - false
21:39:18.817 [Test worker] DEBUG o.h.engine.internal.TwoPhaseLoad - Processing attribute `telephone` : value = null
21:39:18.817 [Test worker] DEBUG o.h.engine.internal.TwoPhaseLoad - Attribute (`telephone`)  - enhanced for lazy-loading? - false
21:39:18.817 [Test worker] DEBUG o.h.engine.internal.TwoPhaseLoad - Processing attribute `work` : value = null
21:39:18.817 [Test worker] DEBUG o.h.engine.internal.TwoPhaseLoad - Attribute (`work`)  - enhanced for lazy-loading? - false
21:39:18.817 [Test worker] DEBUG o.h.engine.internal.TwoPhaseLoad - Done materializing entity [pft.adressbook.model.ContactData#214]
21:39:18.817 [Test worker] DEBUG o.h.engine.internal.TwoPhaseLoad - Resolving attributes for [pft.adressbook.model.ContactData#215]
21:39:18.817 [Test worker] DEBUG o.h.engine.internal.TwoPhaseLoad - Processing attribute `address` : value = Ekaterinburg
21:39:18.818 [Test worker] DEBUG o.h.engine.internal.TwoPhaseLoad - Attribute (`address`)  - enhanced for lazy-loading? - false
21:39:18.818 [Test worker] DEBUG o.h.engine.internal.TwoPhaseLoad - Processing attribute `email` : value = null
21:39:18.818 [Test worker] DEBUG o.h.engine.internal.TwoPhaseLoad - Attribute (`email`)  - enhanced for lazy-loading? - false
21:39:18.818 [Test worker] DEBUG o.h.engine.internal.TwoPhaseLoad - Processing attribute `family` : value = Petrov
21:39:18.818 [Test worker] DEBUG o.h.engine.internal.TwoPhaseLoad - Attribute (`family`)  - enhanced for lazy-loading? - false
21:39:18.818 [Test worker] DEBUG o.h.engine.internal.TwoPhaseLoad - Processing attribute `groups` : value = NOT NULL COLLECTION
21:39:18.818 [Test worker] DEBUG o.h.engine.internal.TwoPhaseLoad - Attribute (`groups`)  - enhanced for lazy-loading? - false
21:39:18.818 [Test worker] DEBUG o.h.engine.internal.TwoPhaseLoad - Processing attribute `mobile` : value = null
21:39:18.818 [Test worker] DEBUG o.h.engine.internal.TwoPhaseLoad - Attribute (`mobile`)  - enhanced for lazy-loading? - false
21:39:18.818 [Test worker] DEBUG o.h.engine.internal.TwoPhaseLoad - Processing attribute `name` : value = Petr
21:39:18.818 [Test worker] DEBUG o.h.engine.internal.TwoPhaseLoad - Attribute (`name`)  - enhanced for lazy-loading? - false
21:39:18.818 [Test worker] DEBUG o.h.engine.internal.TwoPhaseLoad - Processing attribute `photo` : value = 
21:39:18.818 [Test worker] DEBUG o.h.engine.internal.TwoPhaseLoad - Attribute (`photo`)  - enhanced for lazy-loading? - false
21:39:18.818 [Test worker] DEBUG o.h.engine.internal.TwoPhaseLoad - Processing attribute `telephone` : value = null
21:39:18.818 [Test worker] DEBUG o.h.engine.internal.TwoPhaseLoad - Attribute (`telephone`)  - enhanced for lazy-loading? - false
21:39:18.819 [Test worker] DEBUG o.h.engine.internal.TwoPhaseLoad - Processing attribute `work` : value = null
21:39:18.819 [Test worker] DEBUG o.h.engine.internal.TwoPhaseLoad - Attribute (`work`)  - enhanced for lazy-loading? - false
21:39:18.819 [Test worker] DEBUG o.h.engine.internal.TwoPhaseLoad - Done materializing entity [pft.adressbook.model.ContactData#215]
21:39:18.819 [Test worker] DEBUG o.h.engine.internal.TwoPhaseLoad - Resolving attributes for [pft.adressbook.model.ContactData#216]
21:39:18.819 [Test worker] DEBUG o.h.engine.internal.TwoPhaseLoad - Processing attribute `address` : value = Ekaterinburg
21:39:18.819 [Test worker] DEBUG o.h.engine.internal.TwoPhaseLoad - Attribute (`address`)  - enhanced for lazy-loading? - false
21:39:18.819 [Test worker] DEBUG o.h.engine.internal.TwoPhaseLoad - Processing attribute `email` : value = null
21:39:18.820 [Test worker] DEBUG o.h.engine.internal.TwoPhaseLoad - Attribute (`email`)  - enhanced for lazy-loading? - false
21:39:18.820 [Test worker] DEBUG o.h.engine.internal.TwoPhaseLoad - Processing attribute `family` : value = Smirnov
21:39:18.820 [Test worker] DEBUG o.h.engine.internal.TwoPhaseLoad - Attribute (`family`)  - enhanced for lazy-loading? - false
21:39:18.820 [Test worker] DEBUG o.h.engine.internal.TwoPhaseLoad - Processing attribute `groups` : value = NOT NULL COLLECTION
21:39:18.820 [Test worker] DEBUG o.h.engine.internal.TwoPhaseLoad - Attribute (`groups`)  - enhanced for lazy-loading? - false
21:39:18.820 [Test worker] DEBUG o.h.engine.internal.TwoPhaseLoad - Processing attribute `mobile` : value = null
21:39:18.820 [Test worker] DEBUG o.h.engine.internal.TwoPhaseLoad - Attribute (`mobile`)  - enhanced for lazy-loading? - false
21:39:18.820 [Test worker] DEBUG o.h.engine.internal.TwoPhaseLoad - Processing attribute `name` : value = Victor
21:39:18.820 [Test worker] DEBUG o.h.engine.internal.TwoPhaseLoad - Attribute (`name`)  - enhanced for lazy-loading? - false
21:39:18.820 [Test worker] DEBUG o.h.engine.internal.TwoPhaseLoad - Processing attribute `photo` : value = 
21:39:18.820 [Test worker] DEBUG o.h.engine.internal.TwoPhaseLoad - Attribute (`photo`)  - enhanced for lazy-loading? - false
21:39:18.820 [Test worker] DEBUG o.h.engine.internal.TwoPhaseLoad - Processing attribute `telephone` : value = null
21:39:18.820 [Test worker] DEBUG o.h.engine.internal.TwoPhaseLoad - Attribute (`telephone`)  - enhanced for lazy-loading? - false
21:39:18.820 [Test worker] DEBUG o.h.engine.internal.TwoPhaseLoad - Processing attribute `work` : value = null
21:39:18.820 [Test worker] DEBUG o.h.engine.internal.TwoPhaseLoad - Attribute (`work`)  - enhanced for lazy-loading? - false
21:39:18.820 [Test worker] DEBUG o.h.engine.internal.TwoPhaseLoad - Done materializing entity [pft.adressbook.model.ContactData#216]
21:39:18.822 [Test worker] DEBUG o.h.l.c.p.AbstractLoadPlanBasedCollectionInitializer - Loading collection: [pft.adressbook.model.ContactData.groups#216]
21:39:18.823 [Test worker] DEBUG org.hibernate.SQL - select groups0_.id as id1_0_0_, groups0_.group_id as group_id2_0_0_, groupdata1_.group_id as group_id1_2_1_, groupdata1_.group_footer as group_fo2_2_1_, groupdata1_.group_header as group_he3_2_1_, groupdata1_.group_name as group_na4_2_1_ from address_in_groups groups0_ inner join group_list groupdata1_ on groups0_.group_id=groupdata1_.group_id where groups0_.id=?
Hibernate: select groups0_.id as id1_0_0_, groups0_.group_id as group_id2_0_0_, groupdata1_.group_id as group_id1_2_1_, groupdata1_.group_footer as group_fo2_2_1_, groupdata1_.group_header as group_he3_2_1_, groupdata1_.group_name as group_na4_2_1_ from address_in_groups groups0_ inner join group_list groupdata1_ on groups0_.group_id=groupdata1_.group_id where groups0_.id=?
21:39:18.832 [Test worker] DEBUG o.h.l.p.e.p.i.ResultSetProcessorImpl - Preparing collection initializer : [pft.adressbook.model.ContactData.groups#216]
21:39:18.832 [Test worker] DEBUG o.h.e.l.i.CollectionLoadContext - 1 collections were found in result set for role: pft.adressbook.model.ContactData.groups
21:39:18.832 [Test worker] DEBUG o.h.e.l.i.CollectionLoadContext - Collection fully initialized: [pft.adressbook.model.ContactData.groups#216]
21:39:18.832 [Test worker] DEBUG o.h.e.l.i.CollectionLoadContext - 1 collections initialized for role: pft.adressbook.model.ContactData.groups
21:39:18.832 [Test worker] DEBUG o.h.l.c.p.AbstractLoadPlanBasedCollectionInitializer - Done loading collection
21:39:18.833 [Test worker] DEBUG o.h.l.c.p.AbstractLoadPlanBasedCollectionInitializer - Loading collection: [pft.adressbook.model.ContactData.groups#215]
21:39:18.833 [Test worker] DEBUG org.hibernate.SQL - select groups0_.id as id1_0_0_, groups0_.group_id as group_id2_0_0_, groupdata1_.group_id as group_id1_2_1_, groupdata1_.group_footer as group_fo2_2_1_, groupdata1_.group_header as group_he3_2_1_, groupdata1_.group_name as group_na4_2_1_ from address_in_groups groups0_ inner join group_list groupdata1_ on groups0_.group_id=groupdata1_.group_id where groups0_.id=?
Hibernate: select groups0_.id as id1_0_0_, groups0_.group_id as group_id2_0_0_, groupdata1_.group_id as group_id1_2_1_, groupdata1_.group_footer as group_fo2_2_1_, groupdata1_.group_header as group_he3_2_1_, groupdata1_.group_name as group_na4_2_1_ from address_in_groups groups0_ inner join group_list groupdata1_ on groups0_.group_id=groupdata1_.group_id where groups0_.id=?
21:39:18.842 [Test worker] DEBUG o.h.l.p.e.p.i.ResultSetProcessorImpl - Preparing collection initializer : [pft.adressbook.model.ContactData.groups#215]
21:39:18.843 [Test worker] DEBUG o.h.e.l.i.CollectionLoadContext - 1 collections were found in result set for role: pft.adressbook.model.ContactData.groups
21:39:18.844 [Test worker] DEBUG o.h.e.l.i.CollectionLoadContext - Collection fully initialized: [pft.adressbook.model.ContactData.groups#215]
21:39:18.844 [Test worker] DEBUG o.h.e.l.i.CollectionLoadContext - 1 collections initialized for role: pft.adressbook.model.ContactData.groups
21:39:18.845 [Test worker] DEBUG o.h.l.c.p.AbstractLoadPlanBasedCollectionInitializer - Done loading collection
21:39:18.845 [Test worker] DEBUG o.h.l.c.p.AbstractLoadPlanBasedCollectionInitializer - Loading collection: [pft.adressbook.model.ContactData.groups#214]
21:39:18.845 [Test worker] DEBUG org.hibernate.SQL - select groups0_.id as id1_0_0_, groups0_.group_id as group_id2_0_0_, groupdata1_.group_id as group_id1_2_1_, groupdata1_.group_footer as group_fo2_2_1_, groupdata1_.group_header as group_he3_2_1_, groupdata1_.group_name as group_na4_2_1_ from address_in_groups groups0_ inner join group_list groupdata1_ on groups0_.group_id=groupdata1_.group_id where groups0_.id=?
Hibernate: select groups0_.id as id1_0_0_, groups0_.group_id as group_id2_0_0_, groupdata1_.group_id as group_id1_2_1_, groupdata1_.group_footer as group_fo2_2_1_, groupdata1_.group_header as group_he3_2_1_, groupdata1_.group_name as group_na4_2_1_ from address_in_groups groups0_ inner join group_list groupdata1_ on groups0_.group_id=groupdata1_.group_id where groups0_.id=?
21:39:18.848 [Test worker] DEBUG o.h.l.p.e.p.i.ResultSetProcessorImpl - Preparing collection initializer : [pft.adressbook.model.ContactData.groups#214]
21:39:18.849 [Test worker] DEBUG o.h.e.l.i.CollectionLoadContext - 1 collections were found in result set for role: pft.adressbook.model.ContactData.groups
21:39:18.849 [Test worker] DEBUG o.h.e.l.i.CollectionLoadContext - Collection fully initialized: [pft.adressbook.model.ContactData.groups#214]
21:39:18.849 [Test worker] DEBUG o.h.e.l.i.CollectionLoadContext - 1 collections initialized for role: pft.adressbook.model.ContactData.groups
21:39:18.849 [Test worker] DEBUG o.h.l.c.p.AbstractLoadPlanBasedCollectionInitializer - Done loading collection
21:39:18.849 [Test worker] DEBUG o.h.l.c.p.AbstractLoadPlanBasedCollectionInitializer - Loading collection: [pft.adressbook.model.ContactData.groups#212]
21:39:18.849 [Test worker] DEBUG org.hibernate.SQL - select groups0_.id as id1_0_0_, groups0_.group_id as group_id2_0_0_, groupdata1_.group_id as group_id1_2_1_, groupdata1_.group_footer as group_fo2_2_1_, groupdata1_.group_header as group_he3_2_1_, groupdata1_.group_name as group_na4_2_1_ from address_in_groups groups0_ inner join group_list groupdata1_ on groups0_.group_id=groupdata1_.group_id where groups0_.id=?
Hibernate: select groups0_.id as id1_0_0_, groups0_.group_id as group_id2_0_0_, groupdata1_.group_id as group_id1_2_1_, groupdata1_.group_footer as group_fo2_2_1_, groupdata1_.group_header as group_he3_2_1_, groupdata1_.group_name as group_na4_2_1_ from address_in_groups groups0_ inner join group_list groupdata1_ on groups0_.group_id=groupdata1_.group_id where groups0_.id=?
21:39:18.850 [Test worker] DEBUG o.h.l.p.e.p.i.ResultSetProcessorImpl - Preparing collection initializer : [pft.adressbook.model.ContactData.groups#212]
21:39:18.850 [Test worker] DEBUG o.h.e.l.i.CollectionLoadContext - 1 collections were found in result set for role: pft.adressbook.model.ContactData.groups
21:39:18.851 [Test worker] DEBUG o.h.e.l.i.CollectionLoadContext - Collection fully initialized: [pft.adressbook.model.ContactData.groups#212]
21:39:18.851 [Test worker] DEBUG o.h.e.l.i.CollectionLoadContext - 1 collections initialized for role: pft.adressbook.model.ContactData.groups
21:39:18.851 [Test worker] DEBUG o.h.l.c.p.AbstractLoadPlanBasedCollectionInitializer - Done loading collection
21:39:18.851 [Test worker] DEBUG o.h.l.c.p.AbstractLoadPlanBasedCollectionInitializer - Loading collection: [pft.adressbook.model.ContactData.groups#208]
21:39:18.851 [Test worker] DEBUG org.hibernate.SQL - select groups0_.id as id1_0_0_, groups0_.group_id as group_id2_0_0_, groupdata1_.group_id as group_id1_2_1_, groupdata1_.group_footer as group_fo2_2_1_, groupdata1_.group_header as group_he3_2_1_, groupdata1_.group_name as group_na4_2_1_ from address_in_groups groups0_ inner join group_list groupdata1_ on groups0_.group_id=groupdata1_.group_id where groups0_.id=?
Hibernate: select groups0_.id as id1_0_0_, groups0_.group_id as group_id2_0_0_, groupdata1_.group_id as group_id1_2_1_, groupdata1_.group_footer as group_fo2_2_1_, groupdata1_.group_header as group_he3_2_1_, groupdata1_.group_name as group_na4_2_1_ from address_in_groups groups0_ inner join group_list groupdata1_ on groups0_.group_id=groupdata1_.group_id where groups0_.id=?
21:39:18.854 [Test worker] DEBUG o.h.l.p.e.p.i.ResultSetProcessorImpl - Preparing collection initializer : [pft.adressbook.model.ContactData.groups#208]
21:39:18.856 [Test worker] DEBUG o.h.l.p.e.p.i.CollectionReferenceInitializerImpl - Found row of collection: [pft.adressbook.model.ContactData.groups#208]
21:39:18.856 [Test worker] DEBUG o.h.l.p.e.p.i.CollectionReferenceInitializerImpl - Found row of collection: [pft.adressbook.model.ContactData.groups#208]
21:39:18.857 [Test worker] DEBUG o.h.engine.internal.TwoPhaseLoad - Resolving attributes for [pft.adressbook.model.GroupData#175]
21:39:18.857 [Test worker] DEBUG o.h.engine.internal.TwoPhaseLoad - Processing attribute `contacts` : value = NOT NULL COLLECTION
21:39:18.857 [Test worker] DEBUG o.h.engine.internal.TwoPhaseLoad - Attribute (`contacts`)  - enhanced for lazy-loading? - false
21:39:18.857 [Test worker] DEBUG o.h.engine.internal.TwoPhaseLoad - Processing attribute `footer` : value = footer 0
21:39:18.857 [Test worker] DEBUG o.h.engine.internal.TwoPhaseLoad - Attribute (`footer`)  - enhanced for lazy-loading? - false
21:39:18.857 [Test worker] DEBUG o.h.engine.internal.TwoPhaseLoad - Processing attribute `header` : value = header 0
21:39:18.857 [Test worker] DEBUG o.h.engine.internal.TwoPhaseLoad - Attribute (`header`)  - enhanced for lazy-loading? - false
21:39:18.857 [Test worker] DEBUG o.h.engine.internal.TwoPhaseLoad - Processing attribute `name` : value = test 0
21:39:18.857 [Test worker] DEBUG o.h.engine.internal.TwoPhaseLoad - Attribute (`name`)  - enhanced for lazy-loading? - false
21:39:18.857 [Test worker] DEBUG o.h.engine.internal.TwoPhaseLoad - Done materializing entity [pft.adressbook.model.GroupData#175]
21:39:18.857 [Test worker] DEBUG o.h.engine.internal.TwoPhaseLoad - Resolving attributes for [pft.adressbook.model.GroupData#177]
21:39:18.857 [Test worker] DEBUG o.h.engine.internal.TwoPhaseLoad - Processing attribute `contacts` : value = NOT NULL COLLECTION
21:39:18.858 [Test worker] DEBUG o.h.engine.internal.TwoPhaseLoad - Attribute (`contacts`)  - enhanced for lazy-loading? - false
21:39:18.858 [Test worker] DEBUG o.h.engine.internal.TwoPhaseLoad - Processing attribute `footer` : value = test3
21:39:18.858 [Test worker] DEBUG o.h.engine.internal.TwoPhaseLoad - Attribute (`footer`)  - enhanced for lazy-loading? - false
21:39:18.858 [Test worker] DEBUG o.h.engine.internal.TwoPhaseLoad - Processing attribute `header` : value = test2
21:39:18.858 [Test worker] DEBUG o.h.engine.internal.TwoPhaseLoad - Attribute (`header`)  - enhanced for lazy-loading? - false
21:39:18.858 [Test worker] DEBUG o.h.engine.internal.TwoPhaseLoad - Processing attribute `name` : value = test1
21:39:18.858 [Test worker] DEBUG o.h.engine.internal.TwoPhaseLoad - Attribute (`name`)  - enhanced for lazy-loading? - false
21:39:18.858 [Test worker] DEBUG o.h.engine.internal.TwoPhaseLoad - Done materializing entity [pft.adressbook.model.GroupData#177]
21:39:18.858 [Test worker] DEBUG o.h.e.l.i.CollectionLoadContext - 1 collections were found in result set for role: pft.adressbook.model.ContactData.groups
21:39:18.858 [Test worker] DEBUG o.h.e.l.i.CollectionLoadContext - Collection fully initialized: [pft.adressbook.model.ContactData.groups#208]
21:39:18.858 [Test worker] DEBUG o.h.e.l.i.CollectionLoadContext - 1 collections initialized for role: pft.adressbook.model.ContactData.groups
21:39:18.858 [Test worker] DEBUG o.h.l.c.p.AbstractLoadPlanBasedCollectionInitializer - Done loading collection
21:39:18.858 [Test worker] DEBUG o.h.l.c.p.AbstractLoadPlanBasedCollectionInitializer - Loading collection: [pft.adressbook.model.ContactData.groups#174]
21:39:18.859 [Test worker] DEBUG org.hibernate.SQL - select groups0_.id as id1_0_0_, groups0_.group_id as group_id2_0_0_, groupdata1_.group_id as group_id1_2_1_, groupdata1_.group_footer as group_fo2_2_1_, groupdata1_.group_header as group_he3_2_1_, groupdata1_.group_name as group_na4_2_1_ from address_in_groups groups0_ inner join group_list groupdata1_ on groups0_.group_id=groupdata1_.group_id where groups0_.id=?
Hibernate: select groups0_.id as id1_0_0_, groups0_.group_id as group_id2_0_0_, groupdata1_.group_id as group_id1_2_1_, groupdata1_.group_footer as group_fo2_2_1_, groupdata1_.group_header as group_he3_2_1_, groupdata1_.group_name as group_na4_2_1_ from address_in_groups groups0_ inner join group_list groupdata1_ on groups0_.group_id=groupdata1_.group_id where groups0_.id=?
21:39:18.860 [Test worker] DEBUG o.h.l.p.e.p.i.ResultSetProcessorImpl - Preparing collection initializer : [pft.adressbook.model.ContactData.groups#174]
21:39:18.861 [Test worker] DEBUG o.h.l.p.e.p.i.CollectionReferenceInitializerImpl - Found row of collection: [pft.adressbook.model.ContactData.groups#174]
21:39:18.861 [Test worker] DEBUG o.h.l.p.e.p.i.CollectionReferenceInitializerImpl - Found row of collection: [pft.adressbook.model.ContactData.groups#174]
21:39:18.861 [Test worker] DEBUG o.h.e.l.i.CollectionLoadContext - 1 collections were found in result set for role: pft.adressbook.model.ContactData.groups
21:39:18.861 [Test worker] DEBUG o.h.e.l.i.CollectionLoadContext - Collection fully initialized: [pft.adressbook.model.ContactData.groups#174]
21:39:18.861 [Test worker] DEBUG o.h.e.l.i.CollectionLoadContext - 1 collections initialized for role: pft.adressbook.model.ContactData.groups
21:39:18.861 [Test worker] DEBUG o.h.l.c.p.AbstractLoadPlanBasedCollectionInitializer - Done loading collection
21:39:18.862 [Test worker] DEBUG o.h.e.t.internal.TransactionImpl - committing
21:39:18.862 [Test worker] DEBUG o.h.e.i.AbstractFlushingEventListener - Processing flush-time cascades
21:39:18.862 [Test worker] DEBUG o.h.e.i.AbstractFlushingEventListener - Dirty checking collections
21:39:18.862 [Test worker] DEBUG o.h.engine.internal.Collections - Collection found: [pft.adressbook.model.ContactData.groups#174], was: [pft.adressbook.model.ContactData.groups#174] (initialized)
21:39:18.862 [Test worker] DEBUG o.h.engine.internal.Collections - Collection found: [pft.adressbook.model.ContactData.groups#208], was: [pft.adressbook.model.ContactData.groups#208] (initialized)
21:39:18.862 [Test worker] DEBUG o.h.engine.internal.Collections - Collection found: [pft.adressbook.model.ContactData.groups#212], was: [pft.adressbook.model.ContactData.groups#212] (initialized)
21:39:18.863 [Test worker] DEBUG o.h.engine.internal.Collections - Collection found: [pft.adressbook.model.ContactData.groups#214], was: [pft.adressbook.model.ContactData.groups#214] (initialized)
21:39:18.863 [Test worker] DEBUG o.h.engine.internal.Collections - Collection found: [pft.adressbook.model.ContactData.groups#215], was: [pft.adressbook.model.ContactData.groups#215] (initialized)
21:39:18.863 [Test worker] DEBUG o.h.engine.internal.Collections - Collection found: [pft.adressbook.model.ContactData.groups#216], was: [pft.adressbook.model.ContactData.groups#216] (initialized)
21:39:18.863 [Test worker] DEBUG o.h.engine.internal.Collections - Collection found: [pft.adressbook.model.GroupData.contacts#175], was: [pft.adressbook.model.GroupData.contacts#175] (uninitialized)
21:39:18.863 [Test worker] DEBUG o.h.engine.internal.Collections - Collection found: [pft.adressbook.model.GroupData.contacts#177], was: [pft.adressbook.model.GroupData.contacts#177] (uninitialized)
21:39:18.863 [Test worker] DEBUG o.h.e.i.AbstractFlushingEventListener - Flushed: 0 insertions, 0 updates, 0 deletions to 8 objects
21:39:18.863 [Test worker] DEBUG o.h.e.i.AbstractFlushingEventListener - Flushed: 0 (re)creations, 0 updates, 0 removals to 8 collections
21:39:18.864 [Test worker] DEBUG o.h.internal.util.EntityPrinter - Listing entities:
21:39:18.864 [Test worker] DEBUG o.h.internal.util.EntityPrinter - pft.adressbook.model.ContactData{address=Екатеринбург, work=333, mobile=222, name=Олег, groups=[pft.adressbook.model.GroupData#175, pft.adressbook.model.GroupData#177], photo=, telephone=4951251, id=208, family=Соколов, email=sokolov85@mail.ru}
21:39:18.864 [Test worker] DEBUG o.h.internal.util.EntityPrinter - pft.adressbook.model.ContactData{address=Екатеринбург, work=333, mobile=222, name=Олег, groups=[pft.adressbook.model.GroupData#175, pft.adressbook.model.GroupData#177], photo=, telephone=4951251, id=174, family=Соколов, email=sokolov85@mail.ru}
21:39:18.864 [Test worker] DEBUG o.h.internal.util.EntityPrinter - pft.adressbook.model.GroupData{footer=footer 0, name=test 0, header=header 0, id=175, contacts=<uninitialized>}
21:39:18.864 [Test worker] DEBUG o.h.internal.util.EntityPrinter - pft.adressbook.model.GroupData{footer=test3, name=test1, header=test2, id=177, contacts=<uninitialized>}
21:39:18.864 [Test worker] DEBUG o.h.internal.util.EntityPrinter - pft.adressbook.model.ContactData{address=Ekaterinburg, work=null, mobile=null, name=Petr, groups=[], photo=, telephone=null, id=215, family=Petrov, email=null}
21:39:18.864 [Test worker] DEBUG o.h.internal.util.EntityPrinter - pft.adressbook.model.ContactData{address=Ekaterinburg, work=null, mobile=null, name=Victor, groups=[], photo=, telephone=null, id=216, family=Smirnov, email=null}
21:39:18.864 [Test worker] DEBUG o.h.internal.util.EntityPrinter - pft.adressbook.model.ContactData{address=Ekaterinburg, work=null, mobile=null, name=Ivan, groups=[], photo=, telephone=null, id=214, family=Ivanov, email=null}
21:39:18.865 [Test worker] DEBUG o.h.internal.util.EntityPrinter - pft.adressbook.model.ContactData{address=Ekaterinburg, work=null, mobile=null, name=Ivan, groups=[], photo=, telephone=null, id=212, family=Ivanov, email=null}
21:39:18.865 [Test worker] DEBUG o.h.r.j.i.LogicalConnectionManagedImpl - Initiating JDBC connection release from afterTransaction
21:39:18.865 [Test worker] DEBUG o.h.r.j.i.LogicalConnectionManagedImpl - Initiating JDBC connection release from afterTransaction
]]></system-out>
  <system-err><![CDATA[]]></system-err>
</testsuite>
