<?xml version="1.0" encoding="UTF-8"?>
<testsuite name="pft.adressbook.tests.GroupDeletionTests" tests="1" skipped="0" failures="0" errors="0" timestamp="2020-02-17T06:50:29" hostname="Earp" time="1.088">
  <properties/>
  <testcase name="testGroupDeletion" classname="pft.adressbook.tests.GroupDeletionTests" time="1.088"/>
  <system-out><![CDATA[11:50:29.720 [Test worker] DEBUG o.h.e.t.internal.TransactionImpl - On TransactionImpl creation, JpaCompliance#isJpaTransactionComplianceEnabled == false
11:50:29.722 [Test worker] DEBUG o.h.e.t.internal.TransactionImpl - begin
11:50:29.726 [Test worker] DEBUG o.h.s.e.i.JdbcSelectExecutorStandardImpl - Skipping reading Query result cache data: cache-enabled = false, cache-mode = NORMAL
11:50:29.726 [Test worker] DEBUG org.hibernate.orm.sql.results - Adding initializer : EntityRootInitializer(pft.adressbook.model.GroupData)
11:50:29.727 [Test worker] DEBUG org.hibernate.SQL - select g1_0.group_id, g1_0.group_footer, g1_0.group_header, g1_0.group_name from group_list as g1_0
Hibernate: select g1_0.group_id, g1_0.group_footer, g1_0.group_header, g1_0.group_name from group_list as g1_0
11:50:29.729 [Test worker] DEBUG o.h.s.r.internal.StandardRowReader - ---Processing Row---
11:50:29.729 [Test worker] DEBUG org.hibernate.orm.sql.results - Extracted JDBC value [0] - [84]
11:50:29.730 [Test worker] DEBUG o.h.orm.sql.resultsloading.entity - (o.h.s.r.g.e.i.EntityResultInitializer) Hydrated EntityKey (NavigablePath[pft.adressbook.model.GroupData]): 84
11:50:29.730 [Test worker] DEBUG o.h.orm.sql.resultsloading.entity - Created new entity instance [pft.adressbook.model.GroupData#84] : GroupData{id='84', name='null'}
11:50:29.730 [Test worker] DEBUG org.hibernate.orm.sql.results - Extracted JDBC value [1] - [test3]
11:50:29.730 [Test worker] DEBUG org.hibernate.orm.sql.results - Extracted JDBC value [2] - [test2]
11:50:29.730 [Test worker] DEBUG org.hibernate.orm.sql.results - Extracted JDBC value [3] - [test1]
11:50:29.731 [Test worker] DEBUG o.h.orm.sql.resultsloading.entity - Done materializing entityInstance : pft.adressbook.model.GroupData#84
11:50:29.731 [Test worker] DEBUG o.h.s.r.internal.StandardRowReader - ---Processing Row---
11:50:29.733 [Test worker] DEBUG org.hibernate.orm.sql.results - Extracted JDBC value [0] - [85]
11:50:29.734 [Test worker] DEBUG o.h.orm.sql.resultsloading.entity - (o.h.s.r.g.e.i.EntityResultInitializer) Hydrated EntityKey (NavigablePath[pft.adressbook.model.GroupData]): 85
11:50:29.735 [Test worker] DEBUG o.h.orm.sql.resultsloading.entity - Created new entity instance [pft.adressbook.model.GroupData#85] : GroupData{id='85', name='null'}
11:50:29.736 [Test worker] DEBUG org.hibernate.orm.sql.results - Extracted JDBC value [1] - [test3]
11:50:29.736 [Test worker] DEBUG org.hibernate.orm.sql.results - Extracted JDBC value [2] - [test2]
11:50:29.736 [Test worker] DEBUG org.hibernate.orm.sql.results - Extracted JDBC value [3] - [test1]
11:50:29.738 [Test worker] DEBUG o.h.orm.sql.resultsloading.entity - Done materializing entityInstance : pft.adressbook.model.GroupData#85
11:50:29.738 [Test worker] DEBUG o.h.s.r.internal.StandardRowReader - ---Processing Row---
11:50:29.738 [Test worker] DEBUG org.hibernate.orm.sql.results - Extracted JDBC value [0] - [175]
11:50:29.739 [Test worker] DEBUG o.h.orm.sql.resultsloading.entity - (o.h.s.r.g.e.i.EntityResultInitializer) Hydrated EntityKey (NavigablePath[pft.adressbook.model.GroupData]): 175
11:50:29.739 [Test worker] DEBUG o.h.orm.sql.resultsloading.entity - Created new entity instance [pft.adressbook.model.GroupData#175] : GroupData{id='175', name='null'}
11:50:29.739 [Test worker] DEBUG org.hibernate.orm.sql.results - Extracted JDBC value [1] - [footer 0]
11:50:29.739 [Test worker] DEBUG org.hibernate.orm.sql.results - Extracted JDBC value [2] - [header 0]
11:50:29.740 [Test worker] DEBUG org.hibernate.orm.sql.results - Extracted JDBC value [3] - [test 0]
11:50:29.740 [Test worker] DEBUG o.h.orm.sql.resultsloading.entity - Done materializing entityInstance : pft.adressbook.model.GroupData#175
11:50:29.740 [Test worker] DEBUG o.h.s.r.internal.StandardRowReader - ---Processing Row---
11:50:29.740 [Test worker] DEBUG org.hibernate.orm.sql.results - Extracted JDBC value [0] - [176]
11:50:29.741 [Test worker] DEBUG o.h.orm.sql.resultsloading.entity - (o.h.s.r.g.e.i.EntityResultInitializer) Hydrated EntityKey (NavigablePath[pft.adressbook.model.GroupData]): 176
11:50:29.741 [Test worker] DEBUG o.h.orm.sql.resultsloading.entity - Created new entity instance [pft.adressbook.model.GroupData#176] : GroupData{id='176', name='null'}
11:50:29.741 [Test worker] DEBUG org.hibernate.orm.sql.results - Extracted JDBC value [1] - [footer 1]
11:50:29.741 [Test worker] DEBUG org.hibernate.orm.sql.results - Extracted JDBC value [2] - [header 1]
11:50:29.741 [Test worker] DEBUG org.hibernate.orm.sql.results - Extracted JDBC value [3] - [test 1]
11:50:29.742 [Test worker] DEBUG o.h.orm.sql.resultsloading.entity - Done materializing entityInstance : pft.adressbook.model.GroupData#176
11:50:29.742 [Test worker] DEBUG o.h.s.r.internal.StandardRowReader - ---Processing Row---
11:50:29.742 [Test worker] DEBUG org.hibernate.orm.sql.results - Extracted JDBC value [0] - [177]
11:50:29.743 [Test worker] DEBUG o.h.orm.sql.resultsloading.entity - (o.h.s.r.g.e.i.EntityResultInitializer) Hydrated EntityKey (NavigablePath[pft.adressbook.model.GroupData]): 177
11:50:29.743 [Test worker] DEBUG o.h.orm.sql.resultsloading.entity - Created new entity instance [pft.adressbook.model.GroupData#177] : GroupData{id='177', name='null'}
11:50:29.743 [Test worker] DEBUG org.hibernate.orm.sql.results - Extracted JDBC value [1] - [footer 2]
11:50:29.744 [Test worker] DEBUG org.hibernate.orm.sql.results - Extracted JDBC value [2] - [header 2]
11:50:29.744 [Test worker] DEBUG org.hibernate.orm.sql.results - Extracted JDBC value [3] - [test 2]
11:50:29.744 [Test worker] DEBUG o.h.orm.sql.resultsloading.entity - Done materializing entityInstance : pft.adressbook.model.GroupData#177
11:50:29.745 [Test worker] DEBUG o.h.r.j.i.ResourceRegistryStandardImpl - HHH000387: ResultSet's statement was not registered
11:50:29.745 [Test worker] DEBUG o.h.e.t.internal.TransactionImpl - committing
11:50:29.745 [Test worker] DEBUG o.h.e.i.AbstractFlushingEventListener - Processing flush-time cascades
11:50:29.745 [Test worker] DEBUG o.h.e.i.AbstractFlushingEventListener - Dirty checking collections
11:50:29.746 [Test worker] DEBUG o.h.e.i.AbstractFlushingEventListener - Flushed: 0 insertions, 0 updates, 0 deletions to 5 objects
11:50:29.746 [Test worker] DEBUG o.h.e.i.AbstractFlushingEventListener - Flushed: 0 (re)creations, 0 updates, 0 removals to 0 collections
11:50:29.746 [Test worker] DEBUG o.h.internal.util.EntityPrinter - Listing entities:
11:50:29.746 [Test worker] DEBUG o.h.internal.util.EntityPrinter - pft.adressbook.model.GroupData{footer=test3, name=test1, header=test2, id=84}
11:50:29.747 [Test worker] DEBUG o.h.internal.util.EntityPrinter - pft.adressbook.model.GroupData{footer=test3, name=test1, header=test2, id=85}
11:50:29.747 [Test worker] DEBUG o.h.internal.util.EntityPrinter - pft.adressbook.model.GroupData{footer=footer 0, name=test 0, header=header 0, id=175}
11:50:29.747 [Test worker] DEBUG o.h.internal.util.EntityPrinter - pft.adressbook.model.GroupData{footer=footer 1, name=test 1, header=header 1, id=176}
11:50:29.747 [Test worker] DEBUG o.h.internal.util.EntityPrinter - pft.adressbook.model.GroupData{footer=footer 2, name=test 2, header=header 2, id=177}
11:50:29.751 [Test worker] DEBUG o.h.r.j.i.LogicalConnectionManagedImpl - Initiating JDBC connection release from afterTransaction
11:50:29.754 [Test worker] DEBUG o.h.r.j.i.LogicalConnectionManagedImpl - Initiating JDBC connection release from afterTransaction
11:50:30.478 [Test worker] DEBUG o.h.e.t.internal.TransactionImpl - On TransactionImpl creation, JpaCompliance#isJpaTransactionComplianceEnabled == false
11:50:30.478 [Test worker] DEBUG o.h.e.t.internal.TransactionImpl - begin
11:50:30.480 [Test worker] DEBUG o.h.s.e.i.JdbcSelectExecutorStandardImpl - Skipping reading Query result cache data: cache-enabled = false, cache-mode = NORMAL
11:50:30.482 [Test worker] DEBUG org.hibernate.orm.sql.results - Adding initializer : EntityRootInitializer(pft.adressbook.model.GroupData)
11:50:30.482 [Test worker] DEBUG org.hibernate.SQL - select g1_0.group_id, g1_0.group_footer, g1_0.group_header, g1_0.group_name from group_list as g1_0
Hibernate: select g1_0.group_id, g1_0.group_footer, g1_0.group_header, g1_0.group_name from group_list as g1_0
11:50:30.488 [Test worker] DEBUG o.h.s.r.internal.StandardRowReader - ---Processing Row---
11:50:30.488 [Test worker] DEBUG org.hibernate.orm.sql.results - Extracted JDBC value [0] - [85]
11:50:30.488 [Test worker] DEBUG o.h.orm.sql.resultsloading.entity - (o.h.s.r.g.e.i.EntityResultInitializer) Hydrated EntityKey (NavigablePath[pft.adressbook.model.GroupData]): 85
11:50:30.489 [Test worker] DEBUG o.h.orm.sql.resultsloading.entity - Created new entity instance [pft.adressbook.model.GroupData#85] : GroupData{id='85', name='null'}
11:50:30.489 [Test worker] DEBUG org.hibernate.orm.sql.results - Extracted JDBC value [1] - [test3]
11:50:30.489 [Test worker] DEBUG org.hibernate.orm.sql.results - Extracted JDBC value [2] - [test2]
11:50:30.489 [Test worker] DEBUG org.hibernate.orm.sql.results - Extracted JDBC value [3] - [test1]
11:50:30.489 [Test worker] DEBUG o.h.orm.sql.resultsloading.entity - Done materializing entityInstance : pft.adressbook.model.GroupData#85
11:50:30.490 [Test worker] DEBUG o.h.s.r.internal.StandardRowReader - ---Processing Row---
11:50:30.490 [Test worker] DEBUG org.hibernate.orm.sql.results - Extracted JDBC value [0] - [175]
11:50:30.491 [Test worker] DEBUG o.h.orm.sql.resultsloading.entity - (o.h.s.r.g.e.i.EntityResultInitializer) Hydrated EntityKey (NavigablePath[pft.adressbook.model.GroupData]): 175
11:50:30.491 [Test worker] DEBUG o.h.orm.sql.resultsloading.entity - Created new entity instance [pft.adressbook.model.GroupData#175] : GroupData{id='175', name='null'}
11:50:30.491 [Test worker] DEBUG org.hibernate.orm.sql.results - Extracted JDBC value [1] - [footer 0]
11:50:30.492 [Test worker] DEBUG org.hibernate.orm.sql.results - Extracted JDBC value [2] - [header 0]
11:50:30.492 [Test worker] DEBUG org.hibernate.orm.sql.results - Extracted JDBC value [3] - [test 0]
11:50:30.492 [Test worker] DEBUG o.h.orm.sql.resultsloading.entity - Done materializing entityInstance : pft.adressbook.model.GroupData#175
11:50:30.492 [Test worker] DEBUG o.h.s.r.internal.StandardRowReader - ---Processing Row---
11:50:30.492 [Test worker] DEBUG org.hibernate.orm.sql.results - Extracted JDBC value [0] - [176]
11:50:30.493 [Test worker] DEBUG o.h.orm.sql.resultsloading.entity - (o.h.s.r.g.e.i.EntityResultInitializer) Hydrated EntityKey (NavigablePath[pft.adressbook.model.GroupData]): 176
11:50:30.493 [Test worker] DEBUG o.h.orm.sql.resultsloading.entity - Created new entity instance [pft.adressbook.model.GroupData#176] : GroupData{id='176', name='null'}
11:50:30.493 [Test worker] DEBUG org.hibernate.orm.sql.results - Extracted JDBC value [1] - [footer 1]
11:50:30.493 [Test worker] DEBUG org.hibernate.orm.sql.results - Extracted JDBC value [2] - [header 1]
11:50:30.493 [Test worker] DEBUG org.hibernate.orm.sql.results - Extracted JDBC value [3] - [test 1]
11:50:30.493 [Test worker] DEBUG o.h.orm.sql.resultsloading.entity - Done materializing entityInstance : pft.adressbook.model.GroupData#176
11:50:30.494 [Test worker] DEBUG o.h.s.r.internal.StandardRowReader - ---Processing Row---
11:50:30.494 [Test worker] DEBUG org.hibernate.orm.sql.results - Extracted JDBC value [0] - [177]
11:50:30.494 [Test worker] DEBUG o.h.orm.sql.resultsloading.entity - (o.h.s.r.g.e.i.EntityResultInitializer) Hydrated EntityKey (NavigablePath[pft.adressbook.model.GroupData]): 177
11:50:30.494 [Test worker] DEBUG o.h.orm.sql.resultsloading.entity - Created new entity instance [pft.adressbook.model.GroupData#177] : GroupData{id='177', name='null'}
11:50:30.494 [Test worker] DEBUG org.hibernate.orm.sql.results - Extracted JDBC value [1] - [footer 2]
11:50:30.494 [Test worker] DEBUG org.hibernate.orm.sql.results - Extracted JDBC value [2] - [header 2]
11:50:30.494 [Test worker] DEBUG org.hibernate.orm.sql.results - Extracted JDBC value [3] - [test 2]
11:50:30.495 [Test worker] DEBUG o.h.orm.sql.resultsloading.entity - Done materializing entityInstance : pft.adressbook.model.GroupData#177
11:50:30.495 [Test worker] DEBUG o.h.r.j.i.ResourceRegistryStandardImpl - HHH000387: ResultSet's statement was not registered
11:50:30.495 [Test worker] DEBUG o.h.e.t.internal.TransactionImpl - committing
11:50:30.495 [Test worker] DEBUG o.h.e.i.AbstractFlushingEventListener - Processing flush-time cascades
11:50:30.495 [Test worker] DEBUG o.h.e.i.AbstractFlushingEventListener - Dirty checking collections
11:50:30.496 [Test worker] DEBUG o.h.e.i.AbstractFlushingEventListener - Flushed: 0 insertions, 0 updates, 0 deletions to 4 objects
11:50:30.496 [Test worker] DEBUG o.h.e.i.AbstractFlushingEventListener - Flushed: 0 (re)creations, 0 updates, 0 removals to 0 collections
11:50:30.496 [Test worker] DEBUG o.h.internal.util.EntityPrinter - Listing entities:
11:50:30.496 [Test worker] DEBUG o.h.internal.util.EntityPrinter - pft.adressbook.model.GroupData{footer=test3, name=test1, header=test2, id=85}
11:50:30.497 [Test worker] DEBUG o.h.internal.util.EntityPrinter - pft.adressbook.model.GroupData{footer=footer 0, name=test 0, header=header 0, id=175}
11:50:30.497 [Test worker] DEBUG o.h.internal.util.EntityPrinter - pft.adressbook.model.GroupData{footer=footer 1, name=test 1, header=header 1, id=176}
11:50:30.497 [Test worker] DEBUG o.h.internal.util.EntityPrinter - pft.adressbook.model.GroupData{footer=footer 2, name=test 2, header=header 2, id=177}
11:50:30.498 [Test worker] DEBUG o.h.r.j.i.LogicalConnectionManagedImpl - Initiating JDBC connection release from afterTransaction
11:50:30.498 [Test worker] DEBUG o.h.r.j.i.LogicalConnectionManagedImpl - Initiating JDBC connection release from afterTransaction
]]></system-out>
  <system-err><![CDATA[]]></system-err>
</testsuite>
